<?xml version="1.0" encoding="UTF-8"?>
<!-- Generated by org.testng.reporters.JUnitXMLReporter -->
<testsuite ignored="0" hostname="DESKTOP-IHTC1M0" failures="0" tests="26" name="Login_Home_Page" time="305.479" errors="0" timestamp="2020-12-17T19:46:04 SGT">
  <testcase classname="Login_Home_Page.aaa0001loginPageUITest" name="@BeforeTest launchbrowser" time="305.054">
    <failure type="org.openqa.selenium.TimeoutException" message="timeout: Timed out receiving message from renderer: 297.247
  (Session info: chrome=87.0.4280.88)
Build info: version: &amp;apos;3.141.59&amp;apos;, revision: &amp;apos;e82be7d358&amp;apos;, time: &amp;apos;2018-11-14T08:17:03&amp;apos;
System info: host: &amp;apos;DESKTOP-IHTC1M0&amp;apos;, ip: &amp;apos;192.168.254.144&amp;apos;, os.name: &amp;apos;Windows 10&amp;apos;, os.arch: &amp;apos;amd64&amp;apos;, os.version: &amp;apos;10.0&amp;apos;, java.version: &amp;apos;14.0.2&amp;apos;
Driver info: org.openqa.selenium.chrome.ChromeDriver
Capabilities {acceptInsecureCerts: false, browserName: chrome, browserVersion: 87.0.4280.88, chrome: {chromedriverVersion: 87.0.4280.88 (89e2380a3e36c..., userDataDir: C:\Users\USER\AppData\Local...}, goog:chromeOptions: {debuggerAddress: localhost:7998}, javascriptEnabled: true, networkConnectionEnabled: false, pageLoadStrategy: normal, platform: WINDOWS, platformName: WINDOWS, proxy: Proxy(), setWindowRect: true, strictFileInteractability: false, timeouts: {implicit: 0, pageLoad: 300000, script: 30000}, unhandledPromptBehavior: dismiss and notify, webauthn:virtualAuthenticators: true}
Session ID: 1f509d72b8226e0e7dc323ea3f5f581d">
      <![CDATA[org.openqa.selenium.TimeoutException: timeout: Timed out receiving message from renderer: 297.247
  (Session info: chrome=87.0.4280.88)
Build info: version: '3.141.59', revision: 'e82be7d358', time: '2018-11-14T08:17:03'
System info: host: 'DESKTOP-IHTC1M0', ip: '192.168.254.144', os.name: 'Windows 10', os.arch: 'amd64', os.version: '10.0', java.version: '14.0.2'
Driver info: org.openqa.selenium.chrome.ChromeDriver
Capabilities {acceptInsecureCerts: false, browserName: chrome, browserVersion: 87.0.4280.88, chrome: {chromedriverVersion: 87.0.4280.88 (89e2380a3e36c..., userDataDir: C:\Users\USER\AppData\Local...}, goog:chromeOptions: {debuggerAddress: localhost:7998}, javascriptEnabled: true, networkConnectionEnabled: false, pageLoadStrategy: normal, platform: WINDOWS, platformName: WINDOWS, proxy: Proxy(), setWindowRect: true, strictFileInteractability: false, timeouts: {implicit: 0, pageLoad: 300000, script: 30000}, unhandledPromptBehavior: dismiss and notify, webauthn:virtualAuthenticators: true}
Session ID: 1f509d72b8226e0e7dc323ea3f5f581d
at org.openqa.selenium.remote.http.W3CHttpResponseCodec.createException(W3CHttpResponseCodec.java:187)
at org.openqa.selenium.remote.http.W3CHttpResponseCodec.decode(W3CHttpResponseCodec.java:122)
at org.openqa.selenium.remote.http.W3CHttpResponseCodec.decode(W3CHttpResponseCodec.java:49)
at org.openqa.selenium.remote.HttpCommandExecutor.execute(HttpCommandExecutor.java:158)
at org.openqa.selenium.remote.service.DriverCommandExecutor.execute(DriverCommandExecutor.java:83)
at org.openqa.selenium.remote.RemoteWebDriver.execute(RemoteWebDriver.java:552)
at org.openqa.selenium.remote.RemoteWebDriver.get(RemoteWebDriver.java:277)
at Login_Home_Page.aaa0001loginPageUITest.launchbrowser(aaa0001loginPageUITest.java:58)
... Removed 29 stack frames]]>
    </failure>
  </testcase> <!-- @BeforeTest launchbrowser -->
  <testcase classname="Login_Home_Page.aaa0002loginTestScenarios" name="@BeforeTest launchbrowser" time="-1.608205563836E9">
    <skipped/>
  </testcase> <!-- @BeforeTest launchbrowser -->
  <testcase classname="Login_Home_Page.aaa0001loginPageUITest" name="@AfterMethod tearDown" time="-1.608205563896E9">
    <skipped/>
  </testcase> <!-- @AfterMethod tearDown -->
  <testcase classname="Login_Home_Page.aaa0001loginPageUITest" name="@AfterMethod tearDown" time="-1.608205563913E9">
    <skipped/>
  </testcase> <!-- @AfterMethod tearDown -->
  <testcase classname="Login_Home_Page.aaa0001loginPageUITest" name="@AfterMethod tearDown" time="-1.608205563923E9">
    <skipped/>
  </testcase> <!-- @AfterMethod tearDown -->
  <testcase classname="Login_Home_Page.aaa0001loginPageUITest" name="@AfterMethod tearDown" time="-1.608205563937E9">
    <skipped/>
  </testcase> <!-- @AfterMethod tearDown -->
  <testcase classname="Login_Home_Page.aaa0001loginPageUITest" name="@AfterMethod tearDown" time="-1.608205563954E9">
    <skipped/>
  </testcase> <!-- @AfterMethod tearDown -->
  <testcase classname="Login_Home_Page.aaa0001loginPageUITest" name="@AfterMethod tearDown" time="-1.608205563966E9">
    <skipped/>
  </testcase> <!-- @AfterMethod tearDown -->
  <testcase classname="Login_Home_Page.aaa0001loginPageUITest" name="@AfterMethod tearDown" time="-1.608205563982E9">
    <skipped/>
  </testcase> <!-- @AfterMethod tearDown -->
  <testcase classname="Login_Home_Page.aaa0001loginPageUITest" name="@AfterMethod tearDown" time="-1.608205564032E9">
    <skipped/>
  </testcase> <!-- @AfterMethod tearDown -->
  <testcase classname="Login_Home_Page.aaa0001loginPageUITest" name="@AfterMethod tearDown" time="-1.608205564063E9">
    <skipped/>
  </testcase> <!-- @AfterMethod tearDown -->
  <testcase classname="Login_Home_Page.aaa0001loginPageUITest" name="@AfterMethod tearDown" time="-1.608205564087E9">
    <skipped/>
  </testcase> <!-- @AfterMethod tearDown -->
  <testcase classname="Login_Home_Page.aaa0001loginPageUITest" name="@AfterMethod tearDown" time="-1.608205564096E9">
    <skipped/>
  </testcase> <!-- @AfterMethod tearDown -->
  <testcase classname="Login_Home_Page.aaa0001loginPageUITest" name="@AfterMethod tearDown" time="-1.60820556411E9">
    <skipped/>
  </testcase> <!-- @AfterMethod tearDown -->
  <testcase classname="Login_Home_Page.aaa0001loginPageUITest" name="@AfterMethod tearDown" time="-1.608205564127E9">
    <skipped/>
  </testcase> <!-- @AfterMethod tearDown -->
  <testcase classname="Login_Home_Page.aaa0001loginPageUITest" name="@AfterMethod tearDown" time="-1.608205564153E9">
    <skipped/>
  </testcase> <!-- @AfterMethod tearDown -->
  <testcase classname="Login_Home_Page.aaa0001loginPageUITest" name="@AfterMethod tearDown" time="-1.608205564159E9">
    <skipped/>
  </testcase> <!-- @AfterMethod tearDown -->
  <testcase classname="Login_Home_Page.aaa0001loginPageUITest" name="@AfterMethod tearDown" time="-1.608205564167E9">
    <skipped/>
  </testcase> <!-- @AfterMethod tearDown -->
  <testcase classname="Login_Home_Page.aaa0001loginPageUITest" name="@AfterMethod tearDown" time="-1.608205564175E9">
    <skipped/>
  </testcase> <!-- @AfterMethod tearDown -->
  <testcase classname="Login_Home_Page.aaa0001loginPageUITest" name="@AfterMethod tearDown" time="-1.608205564182E9">
    <skipped/>
  </testcase> <!-- @AfterMethod tearDown -->
  <testcase classname="Login_Home_Page.aaa0001loginPageUITest" name="@AfterMethod tearDown" time="-1.608205564192E9">
    <skipped/>
  </testcase> <!-- @AfterMethod tearDown -->
  <testcase classname="Login_Home_Page.aaa0001loginPageUITest" name="@AfterMethod tearDown" time="-1.608205564199E9">
    <skipped/>
  </testcase> <!-- @AfterMethod tearDown -->
  <testcase classname="Login_Home_Page.aaa0002loginTestScenarios" name="@AfterMethod tearDown" time="-1.608205564206E9">
    <skipped/>
  </testcase> <!-- @AfterMethod tearDown -->
  <testcase classname="Login_Home_Page.aaa0002loginTestScenarios" name="@AfterMethod tearDown" time="-1.608205564212E9">
    <skipped/>
  </testcase> <!-- @AfterMethod tearDown -->
  <testcase classname="Login_Home_Page.aaa0002loginTestScenarios" name="@AfterMethod tearDown" time="-1.608205564217E9">
    <skipped/>
  </testcase> <!-- @AfterMethod tearDown -->
  <testcase classname="Login_Home_Page.aaa0002loginTestScenarios" name="@AfterMethod tearDown" time="-1.608205564222E9">
    <skipped/>
  </testcase> <!-- @AfterMethod tearDown -->
  <testcase classname="Login_Home_Page.aaa0002loginTestScenarios" name="@AfterMethod tearDown" time="-1.608205564231E9">
    <skipped/>
  </testcase> <!-- @AfterMethod tearDown -->
  <testcase classname="Login_Home_Page.aaa0002loginTestScenarios" name="@AfterMethod tearDown" time="-1.608205564235E9">
    <skipped/>
  </testcase> <!-- @AfterMethod tearDown -->
  <testcase classname="Login_Home_Page.aaa0001loginPageUITest" name="@AfterTest aftertest" time="-1.608205564237E9">
    <skipped/>
  </testcase> <!-- @AfterTest aftertest -->
  <testcase classname="Login_Home_Page.aaa0002loginTestScenarios" name="@AfterTest aftertest" time="-1.608205564238E9">
    <skipped/>
  </testcase> <!-- @AfterTest aftertest -->
  <testcase classname="Login_Home_Page.aaa0001loginPageUITest" name="Test_if_Title_is_Present" time="0.0">
    <skipped/>
  </testcase> <!-- Test_if_Title_is_Present -->
  <testcase classname="Login_Home_Page.aaa0001loginPageUITest" name="Test_if_Title_is_correct" time="0.0">
    <skipped/>
  </testcase> <!-- Test_if_Title_is_correct -->
  <testcase classname="Login_Home_Page.aaa0001loginPageUITest" name="Test_if_UserNameInputfield_is_Present" time="0.0">
    <skipped/>
  </testcase> <!-- Test_if_UserNameInputfield_is_Present -->
  <testcase classname="Login_Home_Page.aaa0001loginPageUITest" name="Test_if_UserNameInputfield_is_Enabled" time="0.0">
    <skipped/>
  </testcase> <!-- Test_if_UserNameInputfield_is_Enabled -->
  <testcase classname="Login_Home_Page.aaa0001loginPageUITest" name="Test_if_UserNameInputfield_InsideLabel_is_Correct" time="0.0">
    <skipped/>
  </testcase> <!-- Test_if_UserNameInputfield_InsideLabel_is_Correct -->
  <testcase classname="Login_Home_Page.aaa0001loginPageUITest" name="Test_if_PasswordInputfield_is_Present" time="0.0">
    <skipped/>
  </testcase> <!-- Test_if_PasswordInputfield_is_Present -->
  <testcase classname="Login_Home_Page.aaa0001loginPageUITest" name="Test_if_PasswordInputfield_is_Enabled" time="0.0">
    <skipped/>
  </testcase> <!-- Test_if_PasswordInputfield_is_Enabled -->
  <testcase classname="Login_Home_Page.aaa0001loginPageUITest" name="Test_if_PasswordInputfield_InsideLabel_is_Correct" time="0.0">
    <skipped/>
  </testcase> <!-- Test_if_PasswordInputfield_InsideLabel_is_Correct -->
  <testcase classname="Login_Home_Page.aaa0001loginPageUITest" name="Test_if_Rememberme_Label_is_Present" time="0.0">
    <skipped/>
  </testcase> <!-- Test_if_Rememberme_Label_is_Present -->
  <testcase classname="Login_Home_Page.aaa0001loginPageUITest" name="Test_if_Rememberme_Label_is_Correct" time="0.0">
    <skipped/>
  </testcase> <!-- Test_if_Rememberme_Label_is_Correct -->
  <testcase classname="Login_Home_Page.aaa0001loginPageUITest" name="Test_if_CheckBox_is_Present" time="0.0">
    <skipped/>
  </testcase> <!-- Test_if_CheckBox_is_Present -->
  <testcase classname="Login_Home_Page.aaa0001loginPageUITest" name="Test_if_CheckBox_is_Enabled" time="0.0">
    <skipped/>
  </testcase> <!-- Test_if_CheckBox_is_Enabled -->
  <testcase classname="Login_Home_Page.aaa0001loginPageUITest" name="Test_if_ForgotPasswordLinktext_is_Present" time="0.0">
    <skipped/>
  </testcase> <!-- Test_if_ForgotPasswordLinktext_is_Present -->
  <testcase classname="Login_Home_Page.aaa0001loginPageUITest" name="Test_if_ForgotPasswordLinktext_is_Enabled" time="0.0">
    <skipped/>
  </testcase> <!-- Test_if_ForgotPasswordLinktext_is_Enabled -->
  <testcase classname="Login_Home_Page.aaa0001loginPageUITest" name="Test_if_ForgotPasswordLinktext_is_correctText" time="0.0">
    <skipped/>
  </testcase> <!-- Test_if_ForgotPasswordLinktext_is_correctText -->
  <testcase classname="Login_Home_Page.aaa0001loginPageUITest" name="Test_if_SIGNINButton_is_Present" time="0.0">
    <skipped/>
  </testcase> <!-- Test_if_SIGNINButton_is_Present -->
  <testcase classname="Login_Home_Page.aaa0001loginPageUITest" name="Test_if_SIGNINButton_is_nameIscorrect" time="0.0">
    <skipped/>
  </testcase> <!-- Test_if_SIGNINButton_is_nameIscorrect -->
  <testcase classname="Login_Home_Page.aaa0001loginPageUITest" name="Test_if_SIGNINButton_is_Enabled" time="0.0">
    <skipped/>
  </testcase> <!-- Test_if_SIGNINButton_is_Enabled -->
  <testcase classname="Login_Home_Page.aaa0001loginPageUITest" name="Test_if_footer_is_Present" time="0.0">
    <skipped/>
  </testcase> <!-- Test_if_footer_is_Present -->
  <testcase classname="Login_Home_Page.aaa0001loginPageUITest" name="Test_if_footer_is_correct" time="0.0">
    <skipped/>
  </testcase> <!-- Test_if_footer_is_correct -->
  <testcase classname="Login_Home_Page.aaa0002loginTestScenarios" name="Test_login_without_uname_and_password" time="0.0">
    <skipped/>
  </testcase> <!-- Test_login_without_uname_and_password -->
  <testcase classname="Login_Home_Page.aaa0002loginTestScenarios" name="Test_login_Enter_Username_Only" time="0.0">
    <skipped/>
  </testcase> <!-- Test_login_Enter_Username_Only -->
  <testcase classname="Login_Home_Page.aaa0002loginTestScenarios" name="Test_login_Enter_Password_Only" time="0.0">
    <skipped/>
  </testcase> <!-- Test_login_Enter_Password_Only -->
  <testcase classname="Login_Home_Page.aaa0002loginTestScenarios" name="Test_login_Enter_Incorrect_Username_and_Password" time="0.0">
    <skipped/>
  </testcase> <!-- Test_login_Enter_Incorrect_Username_and_Password -->
  <testcase classname="Login_Home_Page.aaa0002loginTestScenarios" name="Test_login_Enter_Correct_Username_Incorrect_Password" time="0.0">
    <skipped/>
  </testcase> <!-- Test_login_Enter_Correct_Username_Incorrect_Password -->
  <testcase classname="Login_Home_Page.aaa0002loginTestScenarios" name="Test_login_Enter_Correct_Username_and_Password" time="0.0">
    <skipped/>
  </testcase> <!-- Test_login_Enter_Correct_Username_and_Password -->
</testsuite> <!-- Login_Home_Page -->
