<?xml version="1.0" encoding="UTF-8"?>
<testsuite name="Login_Home_Page"
           tests="42"
           failures="1"
           errors="0"
           skipped="41"
           time="-33772316540.496">
  <properties />
            <testcase name="launchbrowser" time="305.054" classname="Login_Home_Page.aaa0001loginPageUITest">
                <failure type="org.openqa.selenium.TimeoutException"
                  message="timeout: Timed out receiving message from renderer: 297.247
  (Session info: chrome=87.0.4280.88)
Build info: version: &apos;3.141.59&apos;, revision: &apos;e82be7d358&apos;, time: &apos;2018-11-14T08:17:03&apos;
System info: host: &apos;DESKTOP-IHTC1M0&apos;, ip: &apos;192.168.254.144&apos;, os.name: &apos;Windows 10&apos;, os.arch: &apos;amd64&apos;, os.version: &apos;10.0&apos;, java.version: &apos;14.0.2&apos;
Driver info: org.openqa.selenium.chrome.ChromeDriver
Capabilities {acceptInsecureCerts: false, browserName: chrome, browserVersion: 87.0.4280.88, chrome: {chromedriverVersion: 87.0.4280.88 (89e2380a3e36c..., userDataDir: C:\Users\USER\AppData\Local...}, goog:chromeOptions: {debuggerAddress: localhost:7998}, javascriptEnabled: true, networkConnectionEnabled: false, pageLoadStrategy: normal, platform: WINDOWS, platformName: WINDOWS, proxy: Proxy(), setWindowRect: true, strictFileInteractability: false, timeouts: {implicit: 0, pageLoad: 300000, script: 30000}, unhandledPromptBehavior: dismiss and notify, webauthn:virtualAuthenticators: true}
Session ID: 1f509d72b8226e0e7dc323ea3f5f581d"
              >
<![CDATA[org.openqa.selenium.TimeoutException: timeout: Timed out receiving message from renderer: 297.247
  (Session info: chrome=87.0.4280.88)
Build info: version: '3.141.59', revision: 'e82be7d358', time: '2018-11-14T08:17:03'
System info: host: 'DESKTOP-IHTC1M0', ip: '192.168.254.144', os.name: 'Windows 10', os.arch: 'amd64', os.version: '10.0', java.version: '14.0.2'
Driver info: org.openqa.selenium.chrome.ChromeDriver
Capabilities {acceptInsecureCerts: false, browserName: chrome, browserVersion: 87.0.4280.88, chrome: {chromedriverVersion: 87.0.4280.88 (89e2380a3e36c..., userDataDir: C:\Users\USER\AppData\Local...}, goog:chromeOptions: {debuggerAddress: localhost:7998}, javascriptEnabled: true, networkConnectionEnabled: false, pageLoadStrategy: normal, platform: WINDOWS, platformName: WINDOWS, proxy: Proxy(), setWindowRect: true, strictFileInteractability: false, timeouts: {implicit: 0, pageLoad: 300000, script: 30000}, unhandledPromptBehavior: dismiss and notify, webauthn:virtualAuthenticators: true}
Session ID: 1f509d72b8226e0e7dc323ea3f5f581d
  java.base/jdk.internal.reflect.NativeConstructorAccessorImpl.newInstance0(Native Method)
  java.base/jdk.internal.reflect.NativeConstructorAccessorImpl.newInstance(NativeConstructorAccessorImpl.java:62)
  java.base/jdk.internal.reflect.DelegatingConstructorAccessorImpl.newInstance(DelegatingConstructorAccessorImpl.java:45)
  java.base/java.lang.reflect.Constructor.newInstanceWithCaller(Constructor.java:500)
  java.base/java.lang.reflect.Constructor.newInstance(Constructor.java:481)
  org.openqa.selenium.remote.http.W3CHttpResponseCodec.createException(W3CHttpResponseCodec.java:187)
  org.openqa.selenium.remote.http.W3CHttpResponseCodec.decode(W3CHttpResponseCodec.java:122)
  org.openqa.selenium.remote.http.W3CHttpResponseCodec.decode(W3CHttpResponseCodec.java:49)
  org.openqa.selenium.remote.HttpCommandExecutor.execute(HttpCommandExecutor.java:158)
  org.openqa.selenium.remote.service.DriverCommandExecutor.execute(DriverCommandExecutor.java:83)
  org.openqa.selenium.remote.RemoteWebDriver.execute(RemoteWebDriver.java:552)
  org.openqa.selenium.remote.RemoteWebDriver.get(RemoteWebDriver.java:277)
  Login_Home_Page.aaa0001loginPageUITest.launchbrowser(aaa0001loginPageUITest.java:58)
  java.base/jdk.internal.reflect.NativeMethodAccessorImpl.invoke0(Native Method)
  java.base/jdk.internal.reflect.NativeMethodAccessorImpl.invoke(NativeMethodAccessorImpl.java:62)
  java.base/jdk.internal.reflect.DelegatingMethodAccessorImpl.invoke(DelegatingMethodAccessorImpl.java:43)
  java.base/java.lang.reflect.Method.invoke(Method.java:564)
  org.testng.internal.MethodInvocationHelper.invokeMethod(MethodInvocationHelper.java:132)
  org.testng.internal.MethodInvocationHelper.invokeMethodConsideringTimeout(MethodInvocationHelper.java:61)
  org.testng.internal.ConfigInvoker.invokeConfigurationMethod(ConfigInvoker.java:366)
  org.testng.internal.ConfigInvoker.invokeConfigurations(ConfigInvoker.java:320)
  org.testng.TestRunner.invokeTestConfigurations(TestRunner.java:617)
  org.testng.TestRunner.beforeRun(TestRunner.java:607)
  org.testng.TestRunner.run(TestRunner.java:578)
  org.testng.SuiteRunner.runTest(SuiteRunner.java:384)
  org.testng.SuiteRunner.runSequentially(SuiteRunner.java:378)
  org.testng.SuiteRunner.privateRun(SuiteRunner.java:337)
  org.testng.SuiteRunner.run(SuiteRunner.java:286)
  org.testng.SuiteRunnerWorker.runSuite(SuiteRunnerWorker.java:53)
  org.testng.SuiteRunnerWorker.run(SuiteRunnerWorker.java:96)
  org.testng.TestNG.runSuitesSequentially(TestNG.java:1218)
  org.testng.TestNG.runSuitesLocally(TestNG.java:1140)
  org.testng.TestNG.runSuites(TestNG.java:1069)
  org.testng.TestNG.run(TestNG.java:1037)
  org.testng.remote.AbstractRemoteTestNG.run(AbstractRemoteTestNG.java:115)
  org.testng.remote.RemoteTestNG.initAndRun(RemoteTestNG.java:251)
  org.testng.remote.RemoteTestNG.main(RemoteTestNG.java:77)
]]>
      </failure>

          </testcase>
  
            <testcase name="tearDown" time="0.0" classname="Login_Home_Page.aaa0001loginPageUITest">
          <skipped />
    </testcase>
            <testcase name="tearDown" time="0.0" classname="Login_Home_Page.aaa0001loginPageUITest">
          <skipped />
    </testcase>
            <testcase name="tearDown" time="0.0" classname="Login_Home_Page.aaa0001loginPageUITest">
          <skipped />
    </testcase>
            <testcase name="tearDown" time="0.0" classname="Login_Home_Page.aaa0001loginPageUITest">
          <skipped />
    </testcase>
            <testcase name="tearDown" time="0.0" classname="Login_Home_Page.aaa0001loginPageUITest">
          <skipped />
    </testcase>
            <testcase name="tearDown" time="0.0" classname="Login_Home_Page.aaa0001loginPageUITest">
          <skipped />
    </testcase>
            <testcase name="aftertest" time="0.0" classname="Login_Home_Page.aaa0001loginPageUITest">
          <skipped />
    </testcase>
            <testcase name="tearDown" time="0.0" classname="Login_Home_Page.aaa0001loginPageUITest">
          <skipped />
    </testcase>
            <testcase name="tearDown" time="0.0" classname="Login_Home_Page.aaa0001loginPageUITest">
          <skipped />
    </testcase>
            <testcase name="tearDown" time="0.0" classname="Login_Home_Page.aaa0001loginPageUITest">
          <skipped />
    </testcase>
            <testcase name="tearDown" time="0.0" classname="Login_Home_Page.aaa0001loginPageUITest">
          <skipped />
    </testcase>
            <testcase name="tearDown" time="0.0" classname="Login_Home_Page.aaa0001loginPageUITest">
          <skipped />
    </testcase>
            <testcase name="tearDown" time="0.0" classname="Login_Home_Page.aaa0001loginPageUITest">
          <skipped />
    </testcase>
            <testcase name="tearDown" time="0.0" classname="Login_Home_Page.aaa0001loginPageUITest">
          <skipped />
    </testcase>
            <testcase name="tearDown" time="0.0" classname="Login_Home_Page.aaa0001loginPageUITest">
          <skipped />
    </testcase>
            <testcase name="tearDown" time="0.0" classname="Login_Home_Page.aaa0001loginPageUITest">
          <skipped />
    </testcase>
            <testcase name="tearDown" time="0.0" classname="Login_Home_Page.aaa0001loginPageUITest">
          <skipped />
    </testcase>
            <testcase name="tearDown" time="0.0" classname="Login_Home_Page.aaa0001loginPageUITest">
          <skipped />
    </testcase>
            <testcase name="tearDown" time="0.0" classname="Login_Home_Page.aaa0001loginPageUITest">
          <skipped />
    </testcase>
            <testcase name="tearDown" time="0.0" classname="Login_Home_Page.aaa0001loginPageUITest">
          <skipped />
    </testcase>
            <testcase name="tearDown" time="0.0" classname="Login_Home_Page.aaa0001loginPageUITest">
          <skipped />
    </testcase>
            <testcase name="Test_if_PasswordInputfield_is_Enabled" time="0.0" classname="Login_Home_Page.aaa0001loginPageUITest">
          <skipped />
    </testcase>
            <testcase name="Test_if_ForgotPasswordLinktext_is_Enabled" time="0.0" classname="Login_Home_Page.aaa0001loginPageUITest">
          <skipped />
    </testcase>
            <testcase name="Test_if_ForgotPasswordLinktext_is_correctText" time="0.0" classname="Login_Home_Page.aaa0001loginPageUITest">
          <skipped />
    </testcase>
            <testcase name="Test_if_UserNameInputfield_InsideLabel_is_Correct" time="0.0" classname="Login_Home_Page.aaa0001loginPageUITest">
          <skipped />
    </testcase>
            <testcase name="Test_if_Title_is_Present" time="0.0" classname="Login_Home_Page.aaa0001loginPageUITest">
          <skipped />
    </testcase>
            <testcase name="Test_if_footer_is_correct" time="0.0" classname="Login_Home_Page.aaa0001loginPageUITest">
          <skipped />
    </testcase>
            <testcase name="Test_if_footer_is_Present" time="0.0" classname="Login_Home_Page.aaa0001loginPageUITest">
          <skipped />
    </testcase>
            <testcase name="Test_if_PasswordInputfield_is_Present" time="0.0" classname="Login_Home_Page.aaa0001loginPageUITest">
          <skipped />
    </testcase>
            <testcase name="Test_if_CheckBox_is_Enabled" time="0.0" classname="Login_Home_Page.aaa0001loginPageUITest">
          <skipped />
    </testcase>
            <testcase name="Test_if_UserNameInputfield_is_Enabled" time="0.0" classname="Login_Home_Page.aaa0001loginPageUITest">
          <skipped />
    </testcase>
            <testcase name="Test_if_SIGNINButton_is_Present" time="0.0" classname="Login_Home_Page.aaa0001loginPageUITest">
          <skipped />
    </testcase>
            <testcase name="Test_if_PasswordInputfield_InsideLabel_is_Correct" time="0.0" classname="Login_Home_Page.aaa0001loginPageUITest">
          <skipped />
    </testcase>
            <testcase name="Test_if_CheckBox_is_Present" time="0.0" classname="Login_Home_Page.aaa0001loginPageUITest">
          <skipped />
    </testcase>
            <testcase name="Test_if_SIGNINButton_is_Enabled" time="0.0" classname="Login_Home_Page.aaa0001loginPageUITest">
          <skipped />
    </testcase>
            <testcase name="Test_if_Title_is_correct" time="0.0" classname="Login_Home_Page.aaa0001loginPageUITest">
          <skipped />
    </testcase>
            <testcase name="Test_if_UserNameInputfield_is_Present" time="0.0" classname="Login_Home_Page.aaa0001loginPageUITest">
          <skipped />
    </testcase>
            <testcase name="Test_if_Rememberme_Label_is_Present" time="0.0" classname="Login_Home_Page.aaa0001loginPageUITest">
          <skipped />
    </testcase>
            <testcase name="Test_if_Rememberme_Label_is_Correct" time="0.0" classname="Login_Home_Page.aaa0001loginPageUITest">
          <skipped />
    </testcase>
            <testcase name="Test_if_SIGNINButton_is_nameIscorrect" time="0.0" classname="Login_Home_Page.aaa0001loginPageUITest">
          <skipped />
    </testcase>
            <testcase name="Test_if_ForgotPasswordLinktext_is_Present" time="0.0" classname="Login_Home_Page.aaa0001loginPageUITest">
          <skipped />
    </testcase>
  
  
</testsuite>
