<?xml version="1.0" encoding="UTF-8"?>
<!-- Generated by org.testng.reporters.JUnitXMLReporter -->
<testsuite ignored="0" hostname="LAPTOP-ESEL78H9" failures="1" tests="4" name="forgotPassword" time="62.429" errors="0" timestamp="2020-09-23T15:24:50 PST">
  <testcase classname="forgotPassword.runTestforgotpasswordUI" name="Testforgotpasswordsubtitle" time="13.13">
    <skipped/>
  </testcase> <!-- Testforgotpasswordsubtitle -->
  <testcase classname="forgotPassword.runTestforgotpasswordUI" name="Testforgotpasswordsubtitle" time="10.041">
    <skipped/>
  </testcase> <!-- Testforgotpasswordsubtitle -->
  <testcase classname="forgotPassword.runTestforgotpasswordUI" name="Testforgotpasswordsubtitle" time="10.034">
    <skipped/>
  </testcase> <!-- Testforgotpasswordsubtitle -->
  <testcase classname="forgotPassword.runTestforgotpasswordUI" name="Testforgotpasswordsubtitle" time="10.057">
    <failure type="org.openqa.selenium.ElementNotInteractableException" message="element not interactable
  (Session info: chrome=85.0.4183.121)
Build info: version: &amp;apos;4.0.0-alpha-5&amp;apos;, revision: &amp;apos;b3a0d621cc&amp;apos;
System info: host: &amp;apos;LAPTOP-ESEL78H9&amp;apos;, ip: &amp;apos;192.168.254.169&amp;apos;, os.name: &amp;apos;Windows 10&amp;apos;, os.arch: &amp;apos;amd64&amp;apos;, os.version: &amp;apos;10.0&amp;apos;, java.version: &amp;apos;12.0.2&amp;apos;
Driver info: org.openqa.selenium.chrome.ChromeDriver
Capabilities {acceptInsecureCerts: false, browserName: chrome, browserVersion: 85.0.4183.121, chrome: {chromedriverVersion: 85.0.4183.87 (cd6713ebf92fa..., userDataDir: C:\Users\aldwin\AppData\Loc...}, goog:chromeOptions: {debuggerAddress: localhost:3905}, javascriptEnabled: true, networkConnectionEnabled: false, pageLoadStrategy: normal, platform: WINDOWS, platformName: WINDOWS, proxy: Proxy(), setWindowRect: true, strictFileInteractability: false, timeouts: {implicit: 0, pageLoad: 300000, script: 30000}, unhandledPromptBehavior: dismiss and notify, webauthn:virtualAuthenticators: true}
Session ID: 07046268d950cb7877204d64ba6ab888">
      <![CDATA[org.openqa.selenium.ElementNotInteractableException: element not interactable
  (Session info: chrome=85.0.4183.121)
Build info: version: '4.0.0-alpha-5', revision: 'b3a0d621cc'
System info: host: 'LAPTOP-ESEL78H9', ip: '192.168.254.169', os.name: 'Windows 10', os.arch: 'amd64', os.version: '10.0', java.version: '12.0.2'
Driver info: org.openqa.selenium.chrome.ChromeDriver
Capabilities {acceptInsecureCerts: false, browserName: chrome, browserVersion: 85.0.4183.121, chrome: {chromedriverVersion: 85.0.4183.87 (cd6713ebf92fa..., userDataDir: C:\Users\aldwin\AppData\Loc...}, goog:chromeOptions: {debuggerAddress: localhost:3905}, javascriptEnabled: true, networkConnectionEnabled: false, pageLoadStrategy: normal, platform: WINDOWS, platformName: WINDOWS, proxy: Proxy(), setWindowRect: true, strictFileInteractability: false, timeouts: {implicit: 0, pageLoad: 300000, script: 30000}, unhandledPromptBehavior: dismiss and notify, webauthn:virtualAuthenticators: true}
Session ID: 07046268d950cb7877204d64ba6ab888
at org.openqa.selenium.remote.codec.w3c.W3CHttpResponseCodec.createException(W3CHttpResponseCodec.java:196)
at org.openqa.selenium.remote.codec.w3c.W3CHttpResponseCodec.decode(W3CHttpResponseCodec.java:129)
at org.openqa.selenium.remote.codec.w3c.W3CHttpResponseCodec.decode(W3CHttpResponseCodec.java:53)
at org.openqa.selenium.remote.HttpCommandExecutor.execute(HttpCommandExecutor.java:161)
at org.openqa.selenium.remote.service.DriverCommandExecutor.execute(DriverCommandExecutor.java:83)
at org.openqa.selenium.remote.RemoteWebDriver.execute(RemoteWebDriver.java:582)
at org.openqa.selenium.remote.RemoteWebElement.execute(RemoteWebElement.java:316)
at org.openqa.selenium.remote.RemoteWebElement.click(RemoteWebElement.java:85)
at forgotPassword.forgotPasswordPageBackend.click_button_linktext(forgotPasswordPageBackend.java:42)
at forgotPassword.forgotPasswordPageBackend.ClickForgotPassword_And_Verify(forgotPasswordPageBackend.java:103)
at forgotPassword.runTestforgotpasswordUI.Testforgotpasswordsubtitle(runTestforgotpasswordUI.java:93)
at java.base/java.util.ArrayList.forEach(ArrayList.java:1540)
... Removed 32 stack frames]]>
    </failure>
  </testcase> <!-- Testforgotpasswordsubtitle -->
</testsuite> <!-- forgotPassword -->
