<?xml version="1.0" encoding="UTF-8"?>
<!-- Generated by org.testng.reporters.JUnitReportReporter -->
<testsuite hostname="DESKTOP-IHTC1M0" failures="0" tests="2" name="Webinars.aaa0024AddNewClarkTemplate_LiveWebinar_GoesTo_AllWebinarsPage" time="-1608552064.000" errors="1" timestamp="2020-12-21T20:00:50 SGT" skipped="1">
  <testcase classname="Webinars.aaa0024AddNewClarkTemplate_LiveWebinar_GoesTo_AllWebinarsPage" name="launchbrowser" time="-1608552064.000">
    <error message="
Parameter &#039;browser&#039; is required by BeforeTest on method launchbrowser but has not been marked @Optional or defined
in C:\Users\USER\AppData\Local\Temp\testng-eclipse-1839681855\testng-customsuite.xml" type="org.testng.TestNGException">
      <![CDATA[org.testng.TestNGException: 
Parameter 'browser' is required by BeforeTest on method launchbrowser but has not been marked @Optional or defined
in C:\Users\USER\AppData\Local\Temp\testng-eclipse-1839681855\testng-customsuite.xml
at org.testng.internal.Parameters.createParams(Parameters.java:268)
at org.testng.internal.Parameters.createParametersForMethod(Parameters.java:356)
at org.testng.internal.Parameters.createParameters(Parameters.java:700)
at org.testng.internal.Parameters.createConfigurationParameters(Parameters.java:166)
at org.testng.internal.ConfigInvoker.invokeConfigurations(ConfigInvoker.java:301)
at org.testng.TestRunner.invokeTestConfigurations(TestRunner.java:617)
at org.testng.TestRunner.beforeRun(TestRunner.java:607)
at org.testng.TestRunner.run(TestRunner.java:578)
at org.testng.SuiteRunner.runTest(SuiteRunner.java:384)
at org.testng.SuiteRunner.runSequentially(SuiteRunner.java:378)
at org.testng.SuiteRunner.privateRun(SuiteRunner.java:337)
at org.testng.SuiteRunner.run(SuiteRunner.java:286)
at org.testng.SuiteRunnerWorker.runSuite(SuiteRunnerWorker.java:53)
at org.testng.SuiteRunnerWorker.run(SuiteRunnerWorker.java:96)
at org.testng.TestNG.runSuitesSequentially(TestNG.java:1218)
at org.testng.TestNG.runSuitesLocally(TestNG.java:1140)
at org.testng.TestNG.runSuites(TestNG.java:1069)
at org.testng.TestNG.run(TestNG.java:1037)
at org.testng.remote.AbstractRemoteTestNG.run(AbstractRemoteTestNG.java:115)
at org.testng.remote.RemoteTestNG.initAndRun(RemoteTestNG.java:251)
at org.testng.remote.RemoteTestNG.main(RemoteTestNG.java:77)
]]>
    </error>
  </testcase> <!-- launchbrowser -->
  <system-out/>
  <testcase classname="Webinars.aaa0024AddNewClarkTemplate_LiveWebinar_GoesTo_AllWebinarsPage" name="Test_If_AddNewClarkTemplate_LiveWebinar_It_Should_GoesTo_CorrectPath" time="0.000">
    <skipped/>
  </testcase> <!-- Test_If_AddNewClarkTemplate_LiveWebinar_It_Should_GoesTo_CorrectPath -->
  <system-out/>
</testsuite> <!-- Webinars.aaa0024AddNewClarkTemplate_LiveWebinar_GoesTo_AllWebinarsPage -->
