<?xml version="1.0" encoding="UTF-8"?>
<!-- Generated by org.testng.reporters.JUnitReportReporter -->
<testsuite hostname="DESKTOP-IHTC1M0" failures="0" tests="36" name="MeetingRooms.HostWebinarRoomCurrentAttendeeslist_AND_GlobalChatTestUI" time="135.607" errors="5" timestamp="2020-12-10T22:55:00 SGT" skipped="0">
  <testcase classname="MeetingRooms.HostWebinarRoomCurrentAttendeeslist_AND_GlobalChatTestUI" name="Test_If_CurrentAttendeesPortlet_is_Present" time="38.844"/>
  <system-out/>
  <testcase classname="MeetingRooms.HostWebinarRoomCurrentAttendeeslist_AND_GlobalChatTestUI" name="Test_If_CurrentAttendeesPortlet_Title_is_Present" time="0.072"/>
  <system-out/>
  <testcase classname="MeetingRooms.HostWebinarRoomCurrentAttendeeslist_AND_GlobalChatTestUI" name="Test_If_CurrentAttendeesPortlet_Title_is_textCorrect" time="0.065"/>
  <system-out/>
  <testcase classname="MeetingRooms.HostWebinarRoomCurrentAttendeeslist_AND_GlobalChatTestUI" name="Test_If_CurrentAttendeesPortlet_Title_Icon_is_Present" time="0.043"/>
  <system-out/>
  <testcase classname="MeetingRooms.HostWebinarRoomCurrentAttendeeslist_AND_GlobalChatTestUI" name="Test_If_CurrentAttendeesPortlet_HostName_is_Present" time="0.128"/>
  <system-out/>
  <testcase classname="MeetingRooms.HostWebinarRoomCurrentAttendeeslist_AND_GlobalChatTestUI" name="Test_If_CurrentAttendeesPortlet_HostName_Has_Tagwith_Host_is_Present" time="0.055"/>
  <system-out/>
  <testcase classname="MeetingRooms.HostWebinarRoomCurrentAttendeeslist_AND_GlobalChatTestUI" name="Test_If_CurrentAttendeesPortlet_HostName_is_Correct_and_Match_in_HostName_AboveUpperRightCorner" time="5.090"/>
  <system-out/>
  <testcase classname="MeetingRooms.HostWebinarRoomCurrentAttendeeslist_AND_GlobalChatTestUI" name="Test_If_CurrentAttendeesPortlet_Title_TotalCount_IfHostOnly_is_PresentanCorrect" time="2.050"/>
  <system-out/>
  <testcase classname="MeetingRooms.HostWebinarRoomCurrentAttendeeslist_AND_GlobalChatTestUI" name="Test_If_FindAttendee_InputField_is_Present" time="0.045"/>
  <system-out/>
  <testcase classname="MeetingRooms.HostWebinarRoomCurrentAttendeeslist_AND_GlobalChatTestUI" name="Test_If_FindAttendee_InputField_is_Enabled" time="0.030"/>
  <system-out/>
  <testcase classname="MeetingRooms.HostWebinarRoomCurrentAttendeeslist_AND_GlobalChatTestUI" name="Test_If_FindAttendee_InputField_label_is_PresentandCorrect" time="0.036"/>
  <system-out/>
  <testcase classname="MeetingRooms.HostWebinarRoomCurrentAttendeeslist_AND_GlobalChatTestUI" name="Test_If_Attendeeslist_FullscreenIcon_is_Present" time="0.045"/>
  <system-out/>
  <testcase classname="MeetingRooms.HostWebinarRoomCurrentAttendeeslist_AND_GlobalChatTestUI" name="Test_If_Attendeeslist_FullscreenIcon_is_Enabled" time="0.030"/>
  <system-out/>
  <testcase classname="MeetingRooms.HostWebinarRoomCurrentAttendeeslist_AND_GlobalChatTestUI" name="Test_If_When_FullscreenIcon_isClicked_AttendeeslistPortlet_willExpand" time="3.348"/>
  <system-out/>
  <testcase classname="MeetingRooms.HostWebinarRoomCurrentAttendeeslist_AND_GlobalChatTestUI" name="Test_If_When_Click_Again_FullscreenIcon_Itwillgoback_ToNormalsize" time="13.679"/>
  <system-out/>
  <testcase classname="MeetingRooms.HostWebinarRoomCurrentAttendeeslist_AND_GlobalChatTestUI" name="Test_If_portletGlobalChat_is_Present" time="3.043"/>
  <system-out/>
  <testcase classname="MeetingRooms.HostWebinarRoomCurrentAttendeeslist_AND_GlobalChatTestUI" name="Test_If_portletGlobalChat_Title_is_Present" time="0.042"/>
  <system-out/>
  <testcase classname="MeetingRooms.HostWebinarRoomCurrentAttendeeslist_AND_GlobalChatTestUI" name="Test_If_portletGlobalChat_Title_is_textCorrect" time="0.459"/>
  <system-out/>
  <testcase classname="MeetingRooms.HostWebinarRoomCurrentAttendeeslist_AND_GlobalChatTestUI" name="Test_If_portletGlobalChat_Title_Icon_is_Present" time="0.032"/>
  <system-out/>
  <testcase classname="MeetingRooms.HostWebinarRoomCurrentAttendeeslist_AND_GlobalChatTestUI" name="Test_If_portletGlobalChat_NoNewMessageInfo_is_Present" time="0.041"/>
  <system-out/>
  <testcase classname="MeetingRooms.HostWebinarRoomCurrentAttendeeslist_AND_GlobalChatTestUI" name="Test_If_portletGlobalChat_NoNewMessageInfo_is_textCorrect" time="0.044"/>
  <system-out/>
  <testcase classname="MeetingRooms.HostWebinarRoomCurrentAttendeeslist_AND_GlobalChatTestUI" name="Test_If_SendaMessageInputfield_is_Present" time="0.042"/>
  <system-out/>
  <testcase classname="MeetingRooms.HostWebinarRoomCurrentAttendeeslist_AND_GlobalChatTestUI" name="Test_If_SendaMessageInputfield_is_Enabled" time="0.034"/>
  <system-out/>
  <testcase classname="MeetingRooms.HostWebinarRoomCurrentAttendeeslist_AND_GlobalChatTestUI" name="Test_If_SendaMessageInputfield_is_textCorrect" time="0.035"/>
  <system-out/>
  <testcase classname="MeetingRooms.HostWebinarRoomCurrentAttendeeslist_AND_GlobalChatTestUI" name="Test_If_SendButton_is_Present" time="0.050"/>
  <system-out/>
  <testcase classname="MeetingRooms.HostWebinarRoomCurrentAttendeeslist_AND_GlobalChatTestUI" name="Test_If_SendButton_is_Enabled" time="0.030"/>
  <system-out/>
  <testcase classname="MeetingRooms.HostWebinarRoomCurrentAttendeeslist_AND_GlobalChatTestUI" name="Test_If_SendButton_Name_is_PresentandCorrect" time="0.048"/>
  <system-out/>
  <testcase classname="MeetingRooms.HostWebinarRoomCurrentAttendeeslist_AND_GlobalChatTestUI" name="Test_If_FullscreenIcon_is_Present" time="0.048"/>
  <system-out/>
  <testcase classname="MeetingRooms.HostWebinarRoomCurrentAttendeeslist_AND_GlobalChatTestUI" name="Test_If_FullscreenIcon_is_Enabled" time="0.037"/>
  <system-out/>
  <testcase classname="MeetingRooms.HostWebinarRoomCurrentAttendeeslist_AND_GlobalChatTestUI" name="Test_If_When_FullscreenIcon_isClicked_portletGlobalChat_willExpand" time="3.759"/>
  <system-out/>
  <testcase classname="MeetingRooms.HostWebinarRoomCurrentAttendeeslist_AND_GlobalChatTestUI" name="Test_If_When_Click_Again_FullscreenIcon_Itwillgoback_ToNormalsizePortletGlobalChat" time="13.672"/>
  <system-out/>
  <testcase classname="MeetingRooms.HostWebinarRoomCurrentAttendeeslist_AND_GlobalChatTestUI" name="Test_If_ToggleGallerybutton_is_Present" time="10.076">
    <error message="no such element: Unable to locate element: {&quot;method&quot;:&quot;css selector&quot;,&quot;selector&quot;:&quot;#main &gt; div &gt; div &gt; div &gt; div.m-grid-col.m-grid-col-center.m-grid-col-md-7.video-container &gt; div.portlet.light.role-presenter-video-room &gt; div.portlet-title &gt; div.actions &gt; div &gt; div&quot;}
  (Session info: chrome=87.0.4280.88)
For documentation on this error, please visit: https://www.seleniumhq.org/exceptions/no_such_element.html
Build info: version: &#039;3.141.59&#039;, revision: &#039;e82be7d358&#039;, time: &#039;2018-11-14T08:17:03&#039;
System info: host: &#039;DESKTOP-IHTC1M0&#039;, ip: &#039;192.168.254.144&#039;, os.name: &#039;Windows 10&#039;, os.arch: &#039;amd64&#039;, os.version: &#039;10.0&#039;, java.version: &#039;14.0.2&#039;
Driver info: org.openqa.selenium.chrome.ChromeDriver
Capabilities {acceptInsecureCerts: false, browserName: chrome, browserVersion: 87.0.4280.88, chrome: {chromedriverVersion: 87.0.4280.88 (89e2380a3e36c..., userDataDir: C:\Users\USER\AppData\Local...}, goog:chromeOptions: {debuggerAddress: localhost:4702}, javascriptEnabled: true, networkConnectionEnabled: false, pageLoadStrategy: normal, platform: WINDOWS, platformName: WINDOWS, proxy: Proxy(), setWindowRect: true, strictFileInteractability: false, timeouts: {implicit: 0, pageLoad: 300000, script: 30000}, unhandledPromptBehavior: dismiss and notify, webauthn:virtualAuthenticators: true}
Session ID: f8c18191265e9b8f4088bb6a0d321bf2
*** Element info: {Using=css selector, value=#main &gt; div &gt; div &gt; div &gt; div.m-grid-col.m-grid-col-center.m-grid-col-md-7.video-container &gt; div.portlet.light.role-presenter-video-room &gt; div.portlet-title &gt; div.actions &gt; div &gt; div}" type="org.openqa.selenium.NoSuchElementException">
      <![CDATA[org.openqa.selenium.NoSuchElementException: no such element: Unable to locate element: {"method":"css selector","selector":"#main > div > div > div > div.m-grid-col.m-grid-col-center.m-grid-col-md-7.video-container > div.portlet.light.role-presenter-video-room > div.portlet-title > div.actions > div > div"}
  (Session info: chrome=87.0.4280.88)
For documentation on this error, please visit: https://www.seleniumhq.org/exceptions/no_such_element.html
Build info: version: '3.141.59', revision: 'e82be7d358', time: '2018-11-14T08:17:03'
System info: host: 'DESKTOP-IHTC1M0', ip: '192.168.254.144', os.name: 'Windows 10', os.arch: 'amd64', os.version: '10.0', java.version: '14.0.2'
Driver info: org.openqa.selenium.chrome.ChromeDriver
Capabilities {acceptInsecureCerts: false, browserName: chrome, browserVersion: 87.0.4280.88, chrome: {chromedriverVersion: 87.0.4280.88 (89e2380a3e36c..., userDataDir: C:\Users\USER\AppData\Local...}, goog:chromeOptions: {debuggerAddress: localhost:4702}, javascriptEnabled: true, networkConnectionEnabled: false, pageLoadStrategy: normal, platform: WINDOWS, platformName: WINDOWS, proxy: Proxy(), setWindowRect: true, strictFileInteractability: false, timeouts: {implicit: 0, pageLoad: 300000, script: 30000}, unhandledPromptBehavior: dismiss and notify, webauthn:virtualAuthenticators: true}
Session ID: f8c18191265e9b8f4088bb6a0d321bf2
*** Element info: {Using=css selector, value=#main > div > div > div > div.m-grid-col.m-grid-col-center.m-grid-col-md-7.video-container > div.portlet.light.role-presenter-video-room > div.portlet-title > div.actions > div > div}
at java.base/jdk.internal.reflect.NativeConstructorAccessorImpl.newInstance0(Native Method)
at java.base/jdk.internal.reflect.NativeConstructorAccessorImpl.newInstance(NativeConstructorAccessorImpl.java:62)
at java.base/jdk.internal.reflect.DelegatingConstructorAccessorImpl.newInstance(DelegatingConstructorAccessorImpl.java:45)
at java.base/java.lang.reflect.Constructor.newInstanceWithCaller(Constructor.java:500)
at java.base/java.lang.reflect.Constructor.newInstance(Constructor.java:481)
at org.openqa.selenium.remote.http.W3CHttpResponseCodec.createException(W3CHttpResponseCodec.java:187)
at org.openqa.selenium.remote.http.W3CHttpResponseCodec.decode(W3CHttpResponseCodec.java:122)
at org.openqa.selenium.remote.http.W3CHttpResponseCodec.decode(W3CHttpResponseCodec.java:49)
at org.openqa.selenium.remote.HttpCommandExecutor.execute(HttpCommandExecutor.java:158)
at org.openqa.selenium.remote.service.DriverCommandExecutor.execute(DriverCommandExecutor.java:83)
at org.openqa.selenium.remote.RemoteWebDriver.execute(RemoteWebDriver.java:552)
at org.openqa.selenium.remote.RemoteWebDriver.findElement(RemoteWebDriver.java:323)
at org.openqa.selenium.remote.RemoteWebDriver.findElementByCssSelector(RemoteWebDriver.java:420)
at org.openqa.selenium.By$ByCssSelector.findElement(By.java:431)
at org.openqa.selenium.remote.RemoteWebDriver.findElement(RemoteWebDriver.java:315)
at MeetingRooms.reusableTestMethods.islinktext_or_button_is_Present(reusableTestMethods.java:81)
at MeetingRooms.HostWebinarRoomCurrentAttendeeslist_AND_GlobalChatTestUI.Test_If_ToggleGallerybutton_is_Present(HostWebinarRoomCurrentAttendeeslist_AND_GlobalChatTestUI.java:458)
at java.base/jdk.internal.reflect.NativeMethodAccessorImpl.invoke0(Native Method)
at java.base/jdk.internal.reflect.NativeMethodAccessorImpl.invoke(NativeMethodAccessorImpl.java:62)
at java.base/jdk.internal.reflect.DelegatingMethodAccessorImpl.invoke(DelegatingMethodAccessorImpl.java:43)
at java.base/java.lang.reflect.Method.invoke(Method.java:564)
at org.testng.internal.MethodInvocationHelper.invokeMethod(MethodInvocationHelper.java:132)
at org.testng.internal.TestInvoker.invokeMethod(TestInvoker.java:599)
at org.testng.internal.TestInvoker.invokeTestMethod(TestInvoker.java:174)
at org.testng.internal.MethodRunner.runInSequence(MethodRunner.java:46)
at org.testng.internal.TestInvoker$MethodInvocationAgent.invoke(TestInvoker.java:822)
at org.testng.internal.TestInvoker.invokeTestMethods(TestInvoker.java:147)
at org.testng.internal.TestMethodWorker.invokeTestMethods(TestMethodWorker.java:146)
at org.testng.internal.TestMethodWorker.run(TestMethodWorker.java:128)
at java.base/java.util.ArrayList.forEach(ArrayList.java:1511)
at org.testng.TestRunner.privateRun(TestRunner.java:764)
at org.testng.TestRunner.run(TestRunner.java:585)
at org.testng.SuiteRunner.runTest(SuiteRunner.java:384)
at org.testng.SuiteRunner.runSequentially(SuiteRunner.java:378)
at org.testng.SuiteRunner.privateRun(SuiteRunner.java:337)
at org.testng.SuiteRunner.run(SuiteRunner.java:286)
at org.testng.SuiteRunnerWorker.runSuite(SuiteRunnerWorker.java:53)
at org.testng.SuiteRunnerWorker.run(SuiteRunnerWorker.java:96)
at org.testng.TestNG.runSuitesSequentially(TestNG.java:1218)
at org.testng.TestNG.runSuitesLocally(TestNG.java:1140)
at org.testng.TestNG.runSuites(TestNG.java:1069)
at org.testng.TestNG.run(TestNG.java:1037)
at org.testng.remote.AbstractRemoteTestNG.run(AbstractRemoteTestNG.java:115)
at org.testng.remote.RemoteTestNG.initAndRun(RemoteTestNG.java:251)
at org.testng.remote.RemoteTestNG.main(RemoteTestNG.java:77)
]]>
    </error>
  </testcase> <!-- Test_If_ToggleGallerybutton_is_Present -->
  <system-out/>
  <testcase classname="MeetingRooms.HostWebinarRoomCurrentAttendeeslist_AND_GlobalChatTestUI" name="Test_If_ToggleGallerybutton_is_Enabled" time="10.443">
    <error message="no such element: Unable to locate element: {&quot;method&quot;:&quot;css selector&quot;,&quot;selector&quot;:&quot;#main &gt; div &gt; div &gt; div &gt; div.m-grid-col.m-grid-col-center.m-grid-col-md-7.video-container &gt; div.portlet.light.role-presenter-video-room &gt; div.portlet-title &gt; div.actions &gt; div &gt; div&quot;}
  (Session info: chrome=87.0.4280.88)
For documentation on this error, please visit: https://www.seleniumhq.org/exceptions/no_such_element.html
Build info: version: &#039;3.141.59&#039;, revision: &#039;e82be7d358&#039;, time: &#039;2018-11-14T08:17:03&#039;
System info: host: &#039;DESKTOP-IHTC1M0&#039;, ip: &#039;192.168.254.144&#039;, os.name: &#039;Windows 10&#039;, os.arch: &#039;amd64&#039;, os.version: &#039;10.0&#039;, java.version: &#039;14.0.2&#039;
Driver info: org.openqa.selenium.chrome.ChromeDriver
Capabilities {acceptInsecureCerts: false, browserName: chrome, browserVersion: 87.0.4280.88, chrome: {chromedriverVersion: 87.0.4280.88 (89e2380a3e36c..., userDataDir: C:\Users\USER\AppData\Local...}, goog:chromeOptions: {debuggerAddress: localhost:4702}, javascriptEnabled: true, networkConnectionEnabled: false, pageLoadStrategy: normal, platform: WINDOWS, platformName: WINDOWS, proxy: Proxy(), setWindowRect: true, strictFileInteractability: false, timeouts: {implicit: 0, pageLoad: 300000, script: 30000}, unhandledPromptBehavior: dismiss and notify, webauthn:virtualAuthenticators: true}
Session ID: f8c18191265e9b8f4088bb6a0d321bf2
*** Element info: {Using=css selector, value=#main &gt; div &gt; div &gt; div &gt; div.m-grid-col.m-grid-col-center.m-grid-col-md-7.video-container &gt; div.portlet.light.role-presenter-video-room &gt; div.portlet-title &gt; div.actions &gt; div &gt; div}" type="org.openqa.selenium.NoSuchElementException">
      <![CDATA[org.openqa.selenium.NoSuchElementException: no such element: Unable to locate element: {"method":"css selector","selector":"#main > div > div > div > div.m-grid-col.m-grid-col-center.m-grid-col-md-7.video-container > div.portlet.light.role-presenter-video-room > div.portlet-title > div.actions > div > div"}
  (Session info: chrome=87.0.4280.88)
For documentation on this error, please visit: https://www.seleniumhq.org/exceptions/no_such_element.html
Build info: version: '3.141.59', revision: 'e82be7d358', time: '2018-11-14T08:17:03'
System info: host: 'DESKTOP-IHTC1M0', ip: '192.168.254.144', os.name: 'Windows 10', os.arch: 'amd64', os.version: '10.0', java.version: '14.0.2'
Driver info: org.openqa.selenium.chrome.ChromeDriver
Capabilities {acceptInsecureCerts: false, browserName: chrome, browserVersion: 87.0.4280.88, chrome: {chromedriverVersion: 87.0.4280.88 (89e2380a3e36c..., userDataDir: C:\Users\USER\AppData\Local...}, goog:chromeOptions: {debuggerAddress: localhost:4702}, javascriptEnabled: true, networkConnectionEnabled: false, pageLoadStrategy: normal, platform: WINDOWS, platformName: WINDOWS, proxy: Proxy(), setWindowRect: true, strictFileInteractability: false, timeouts: {implicit: 0, pageLoad: 300000, script: 30000}, unhandledPromptBehavior: dismiss and notify, webauthn:virtualAuthenticators: true}
Session ID: f8c18191265e9b8f4088bb6a0d321bf2
*** Element info: {Using=css selector, value=#main > div > div > div > div.m-grid-col.m-grid-col-center.m-grid-col-md-7.video-container > div.portlet.light.role-presenter-video-room > div.portlet-title > div.actions > div > div}
at java.base/jdk.internal.reflect.NativeConstructorAccessorImpl.newInstance0(Native Method)
at java.base/jdk.internal.reflect.NativeConstructorAccessorImpl.newInstance(NativeConstructorAccessorImpl.java:62)
at java.base/jdk.internal.reflect.DelegatingConstructorAccessorImpl.newInstance(DelegatingConstructorAccessorImpl.java:45)
at java.base/java.lang.reflect.Constructor.newInstanceWithCaller(Constructor.java:500)
at java.base/java.lang.reflect.Constructor.newInstance(Constructor.java:481)
at org.openqa.selenium.remote.http.W3CHttpResponseCodec.createException(W3CHttpResponseCodec.java:187)
at org.openqa.selenium.remote.http.W3CHttpResponseCodec.decode(W3CHttpResponseCodec.java:122)
at org.openqa.selenium.remote.http.W3CHttpResponseCodec.decode(W3CHttpResponseCodec.java:49)
at org.openqa.selenium.remote.HttpCommandExecutor.execute(HttpCommandExecutor.java:158)
at org.openqa.selenium.remote.service.DriverCommandExecutor.execute(DriverCommandExecutor.java:83)
at org.openqa.selenium.remote.RemoteWebDriver.execute(RemoteWebDriver.java:552)
at org.openqa.selenium.remote.RemoteWebDriver.findElement(RemoteWebDriver.java:323)
at org.openqa.selenium.remote.RemoteWebDriver.findElementByCssSelector(RemoteWebDriver.java:420)
at org.openqa.selenium.By$ByCssSelector.findElement(By.java:431)
at org.openqa.selenium.remote.RemoteWebDriver.findElement(RemoteWebDriver.java:315)
at MeetingRooms.reusableTestMethods.islinktext_or_button_Enabled(reusableTestMethods.java:89)
at MeetingRooms.HostWebinarRoomCurrentAttendeeslist_AND_GlobalChatTestUI.Test_If_ToggleGallerybutton_is_Enabled(HostWebinarRoomCurrentAttendeeslist_AND_GlobalChatTestUI.java:466)
at java.base/jdk.internal.reflect.NativeMethodAccessorImpl.invoke0(Native Method)
at java.base/jdk.internal.reflect.NativeMethodAccessorImpl.invoke(NativeMethodAccessorImpl.java:62)
at java.base/jdk.internal.reflect.DelegatingMethodAccessorImpl.invoke(DelegatingMethodAccessorImpl.java:43)
at java.base/java.lang.reflect.Method.invoke(Method.java:564)
at org.testng.internal.MethodInvocationHelper.invokeMethod(MethodInvocationHelper.java:132)
at org.testng.internal.TestInvoker.invokeMethod(TestInvoker.java:599)
at org.testng.internal.TestInvoker.invokeTestMethod(TestInvoker.java:174)
at org.testng.internal.MethodRunner.runInSequence(MethodRunner.java:46)
at org.testng.internal.TestInvoker$MethodInvocationAgent.invoke(TestInvoker.java:822)
at org.testng.internal.TestInvoker.invokeTestMethods(TestInvoker.java:147)
at org.testng.internal.TestMethodWorker.invokeTestMethods(TestMethodWorker.java:146)
at org.testng.internal.TestMethodWorker.run(TestMethodWorker.java:128)
at java.base/java.util.ArrayList.forEach(ArrayList.java:1511)
at org.testng.TestRunner.privateRun(TestRunner.java:764)
at org.testng.TestRunner.run(TestRunner.java:585)
at org.testng.SuiteRunner.runTest(SuiteRunner.java:384)
at org.testng.SuiteRunner.runSequentially(SuiteRunner.java:378)
at org.testng.SuiteRunner.privateRun(SuiteRunner.java:337)
at org.testng.SuiteRunner.run(SuiteRunner.java:286)
at org.testng.SuiteRunnerWorker.runSuite(SuiteRunnerWorker.java:53)
at org.testng.SuiteRunnerWorker.run(SuiteRunnerWorker.java:96)
at org.testng.TestNG.runSuitesSequentially(TestNG.java:1218)
at org.testng.TestNG.runSuitesLocally(TestNG.java:1140)
at org.testng.TestNG.runSuites(TestNG.java:1069)
at org.testng.TestNG.run(TestNG.java:1037)
at org.testng.remote.AbstractRemoteTestNG.run(AbstractRemoteTestNG.java:115)
at org.testng.remote.RemoteTestNG.initAndRun(RemoteTestNG.java:251)
at org.testng.remote.RemoteTestNG.main(RemoteTestNG.java:77)
]]>
    </error>
  </testcase> <!-- Test_If_ToggleGallerybutton_is_Enabled -->
  <system-out/>
  <testcase classname="MeetingRooms.HostWebinarRoomCurrentAttendeeslist_AND_GlobalChatTestUI" name="Test_If_ToggleGallerybutton_Icon_is_Present" time="10.052">
    <error message="no such element: Unable to locate element: {&quot;method&quot;:&quot;css selector&quot;,&quot;selector&quot;:&quot;#main &gt; div &gt; div &gt; div &gt; div.m-grid-col.m-grid-col-center.m-grid-col-md-7.video-container &gt; div.portlet.light.role-presenter-video-room &gt; div.portlet-title &gt; div.actions &gt; div &gt; div &gt; span.bootstrap-switch-handle-off.bootstrap-switch-default &gt; i&quot;}
  (Session info: chrome=87.0.4280.88)
For documentation on this error, please visit: https://www.seleniumhq.org/exceptions/no_such_element.html
Build info: version: &#039;3.141.59&#039;, revision: &#039;e82be7d358&#039;, time: &#039;2018-11-14T08:17:03&#039;
System info: host: &#039;DESKTOP-IHTC1M0&#039;, ip: &#039;192.168.254.144&#039;, os.name: &#039;Windows 10&#039;, os.arch: &#039;amd64&#039;, os.version: &#039;10.0&#039;, java.version: &#039;14.0.2&#039;
Driver info: org.openqa.selenium.chrome.ChromeDriver
Capabilities {acceptInsecureCerts: false, browserName: chrome, browserVersion: 87.0.4280.88, chrome: {chromedriverVersion: 87.0.4280.88 (89e2380a3e36c..., userDataDir: C:\Users\USER\AppData\Local...}, goog:chromeOptions: {debuggerAddress: localhost:4702}, javascriptEnabled: true, networkConnectionEnabled: false, pageLoadStrategy: normal, platform: WINDOWS, platformName: WINDOWS, proxy: Proxy(), setWindowRect: true, strictFileInteractability: false, timeouts: {implicit: 0, pageLoad: 300000, script: 30000}, unhandledPromptBehavior: dismiss and notify, webauthn:virtualAuthenticators: true}
Session ID: f8c18191265e9b8f4088bb6a0d321bf2
*** Element info: {Using=css selector, value=#main &gt; div &gt; div &gt; div &gt; div.m-grid-col.m-grid-col-center.m-grid-col-md-7.video-container &gt; div.portlet.light.role-presenter-video-room &gt; div.portlet-title &gt; div.actions &gt; div &gt; div &gt; span.bootstrap-switch-handle-off.bootstrap-switch-default &gt; i}" type="org.openqa.selenium.NoSuchElementException">
      <![CDATA[org.openqa.selenium.NoSuchElementException: no such element: Unable to locate element: {"method":"css selector","selector":"#main > div > div > div > div.m-grid-col.m-grid-col-center.m-grid-col-md-7.video-container > div.portlet.light.role-presenter-video-room > div.portlet-title > div.actions > div > div > span.bootstrap-switch-handle-off.bootstrap-switch-default > i"}
  (Session info: chrome=87.0.4280.88)
For documentation on this error, please visit: https://www.seleniumhq.org/exceptions/no_such_element.html
Build info: version: '3.141.59', revision: 'e82be7d358', time: '2018-11-14T08:17:03'
System info: host: 'DESKTOP-IHTC1M0', ip: '192.168.254.144', os.name: 'Windows 10', os.arch: 'amd64', os.version: '10.0', java.version: '14.0.2'
Driver info: org.openqa.selenium.chrome.ChromeDriver
Capabilities {acceptInsecureCerts: false, browserName: chrome, browserVersion: 87.0.4280.88, chrome: {chromedriverVersion: 87.0.4280.88 (89e2380a3e36c..., userDataDir: C:\Users\USER\AppData\Local...}, goog:chromeOptions: {debuggerAddress: localhost:4702}, javascriptEnabled: true, networkConnectionEnabled: false, pageLoadStrategy: normal, platform: WINDOWS, platformName: WINDOWS, proxy: Proxy(), setWindowRect: true, strictFileInteractability: false, timeouts: {implicit: 0, pageLoad: 300000, script: 30000}, unhandledPromptBehavior: dismiss and notify, webauthn:virtualAuthenticators: true}
Session ID: f8c18191265e9b8f4088bb6a0d321bf2
*** Element info: {Using=css selector, value=#main > div > div > div > div.m-grid-col.m-grid-col-center.m-grid-col-md-7.video-container > div.portlet.light.role-presenter-video-room > div.portlet-title > div.actions > div > div > span.bootstrap-switch-handle-off.bootstrap-switch-default > i}
at java.base/jdk.internal.reflect.NativeConstructorAccessorImpl.newInstance0(Native Method)
at java.base/jdk.internal.reflect.NativeConstructorAccessorImpl.newInstance(NativeConstructorAccessorImpl.java:62)
at java.base/jdk.internal.reflect.DelegatingConstructorAccessorImpl.newInstance(DelegatingConstructorAccessorImpl.java:45)
at java.base/java.lang.reflect.Constructor.newInstanceWithCaller(Constructor.java:500)
at java.base/java.lang.reflect.Constructor.newInstance(Constructor.java:481)
at org.openqa.selenium.remote.http.W3CHttpResponseCodec.createException(W3CHttpResponseCodec.java:187)
at org.openqa.selenium.remote.http.W3CHttpResponseCodec.decode(W3CHttpResponseCodec.java:122)
at org.openqa.selenium.remote.http.W3CHttpResponseCodec.decode(W3CHttpResponseCodec.java:49)
at org.openqa.selenium.remote.HttpCommandExecutor.execute(HttpCommandExecutor.java:158)
at org.openqa.selenium.remote.service.DriverCommandExecutor.execute(DriverCommandExecutor.java:83)
at org.openqa.selenium.remote.RemoteWebDriver.execute(RemoteWebDriver.java:552)
at org.openqa.selenium.remote.RemoteWebDriver.findElement(RemoteWebDriver.java:323)
at org.openqa.selenium.remote.RemoteWebDriver.findElementByCssSelector(RemoteWebDriver.java:420)
at org.openqa.selenium.By$ByCssSelector.findElement(By.java:431)
at org.openqa.selenium.remote.RemoteWebDriver.findElement(RemoteWebDriver.java:315)
at MeetingRooms.reusableTestMethods.getAttribute_and_Compare(reusableTestMethods.java:120)
at MeetingRooms.HostWebinarRoomCurrentAttendeeslist_AND_GlobalChatTestUI.Test_If_ToggleGallerybutton_Icon_is_Present(HostWebinarRoomCurrentAttendeeslist_AND_GlobalChatTestUI.java:475)
at java.base/jdk.internal.reflect.NativeMethodAccessorImpl.invoke0(Native Method)
at java.base/jdk.internal.reflect.NativeMethodAccessorImpl.invoke(NativeMethodAccessorImpl.java:62)
at java.base/jdk.internal.reflect.DelegatingMethodAccessorImpl.invoke(DelegatingMethodAccessorImpl.java:43)
at java.base/java.lang.reflect.Method.invoke(Method.java:564)
at org.testng.internal.MethodInvocationHelper.invokeMethod(MethodInvocationHelper.java:132)
at org.testng.internal.TestInvoker.invokeMethod(TestInvoker.java:599)
at org.testng.internal.TestInvoker.invokeTestMethod(TestInvoker.java:174)
at org.testng.internal.MethodRunner.runInSequence(MethodRunner.java:46)
at org.testng.internal.TestInvoker$MethodInvocationAgent.invoke(TestInvoker.java:822)
at org.testng.internal.TestInvoker.invokeTestMethods(TestInvoker.java:147)
at org.testng.internal.TestMethodWorker.invokeTestMethods(TestMethodWorker.java:146)
at org.testng.internal.TestMethodWorker.run(TestMethodWorker.java:128)
at java.base/java.util.ArrayList.forEach(ArrayList.java:1511)
at org.testng.TestRunner.privateRun(TestRunner.java:764)
at org.testng.TestRunner.run(TestRunner.java:585)
at org.testng.SuiteRunner.runTest(SuiteRunner.java:384)
at org.testng.SuiteRunner.runSequentially(SuiteRunner.java:378)
at org.testng.SuiteRunner.privateRun(SuiteRunner.java:337)
at org.testng.SuiteRunner.run(SuiteRunner.java:286)
at org.testng.SuiteRunnerWorker.runSuite(SuiteRunnerWorker.java:53)
at org.testng.SuiteRunnerWorker.run(SuiteRunnerWorker.java:96)
at org.testng.TestNG.runSuitesSequentially(TestNG.java:1218)
at org.testng.TestNG.runSuitesLocally(TestNG.java:1140)
at org.testng.TestNG.runSuites(TestNG.java:1069)
at org.testng.TestNG.run(TestNG.java:1037)
at org.testng.remote.AbstractRemoteTestNG.run(AbstractRemoteTestNG.java:115)
at org.testng.remote.RemoteTestNG.initAndRun(RemoteTestNG.java:251)
at org.testng.remote.RemoteTestNG.main(RemoteTestNG.java:77)
]]>
    </error>
  </testcase> <!-- Test_If_ToggleGallerybutton_Icon_is_Present -->
  <system-out/>
  <testcase classname="MeetingRooms.HostWebinarRoomCurrentAttendeeslist_AND_GlobalChatTestUI" name="Test_If_ToggleGallerySwitch_ON" time="10.030">
    <error message="no such element: Unable to locate element: {&quot;method&quot;:&quot;css selector&quot;,&quot;selector&quot;:&quot;#main &gt; div &gt; div &gt; div &gt; div.m-grid-col.m-grid-col-center.m-grid-col-md-7.video-container &gt; div.portlet.light.role-presenter-video-room &gt; div.portlet-title &gt; div.actions &gt; div &gt; div&quot;}
  (Session info: chrome=87.0.4280.88)
For documentation on this error, please visit: https://www.seleniumhq.org/exceptions/no_such_element.html
Build info: version: &#039;3.141.59&#039;, revision: &#039;e82be7d358&#039;, time: &#039;2018-11-14T08:17:03&#039;
System info: host: &#039;DESKTOP-IHTC1M0&#039;, ip: &#039;192.168.254.144&#039;, os.name: &#039;Windows 10&#039;, os.arch: &#039;amd64&#039;, os.version: &#039;10.0&#039;, java.version: &#039;14.0.2&#039;
Driver info: org.openqa.selenium.chrome.ChromeDriver
Capabilities {acceptInsecureCerts: false, browserName: chrome, browserVersion: 87.0.4280.88, chrome: {chromedriverVersion: 87.0.4280.88 (89e2380a3e36c..., userDataDir: C:\Users\USER\AppData\Local...}, goog:chromeOptions: {debuggerAddress: localhost:4702}, javascriptEnabled: true, networkConnectionEnabled: false, pageLoadStrategy: normal, platform: WINDOWS, platformName: WINDOWS, proxy: Proxy(), setWindowRect: true, strictFileInteractability: false, timeouts: {implicit: 0, pageLoad: 300000, script: 30000}, unhandledPromptBehavior: dismiss and notify, webauthn:virtualAuthenticators: true}
Session ID: f8c18191265e9b8f4088bb6a0d321bf2
*** Element info: {Using=css selector, value=#main &gt; div &gt; div &gt; div &gt; div.m-grid-col.m-grid-col-center.m-grid-col-md-7.video-container &gt; div.portlet.light.role-presenter-video-room &gt; div.portlet-title &gt; div.actions &gt; div &gt; div}" type="org.openqa.selenium.NoSuchElementException">
      <![CDATA[org.openqa.selenium.NoSuchElementException: no such element: Unable to locate element: {"method":"css selector","selector":"#main > div > div > div > div.m-grid-col.m-grid-col-center.m-grid-col-md-7.video-container > div.portlet.light.role-presenter-video-room > div.portlet-title > div.actions > div > div"}
  (Session info: chrome=87.0.4280.88)
For documentation on this error, please visit: https://www.seleniumhq.org/exceptions/no_such_element.html
Build info: version: '3.141.59', revision: 'e82be7d358', time: '2018-11-14T08:17:03'
System info: host: 'DESKTOP-IHTC1M0', ip: '192.168.254.144', os.name: 'Windows 10', os.arch: 'amd64', os.version: '10.0', java.version: '14.0.2'
Driver info: org.openqa.selenium.chrome.ChromeDriver
Capabilities {acceptInsecureCerts: false, browserName: chrome, browserVersion: 87.0.4280.88, chrome: {chromedriverVersion: 87.0.4280.88 (89e2380a3e36c..., userDataDir: C:\Users\USER\AppData\Local...}, goog:chromeOptions: {debuggerAddress: localhost:4702}, javascriptEnabled: true, networkConnectionEnabled: false, pageLoadStrategy: normal, platform: WINDOWS, platformName: WINDOWS, proxy: Proxy(), setWindowRect: true, strictFileInteractability: false, timeouts: {implicit: 0, pageLoad: 300000, script: 30000}, unhandledPromptBehavior: dismiss and notify, webauthn:virtualAuthenticators: true}
Session ID: f8c18191265e9b8f4088bb6a0d321bf2
*** Element info: {Using=css selector, value=#main > div > div > div > div.m-grid-col.m-grid-col-center.m-grid-col-md-7.video-container > div.portlet.light.role-presenter-video-room > div.portlet-title > div.actions > div > div}
at java.base/jdk.internal.reflect.NativeConstructorAccessorImpl.newInstance0(Native Method)
at java.base/jdk.internal.reflect.NativeConstructorAccessorImpl.newInstance(NativeConstructorAccessorImpl.java:62)
at java.base/jdk.internal.reflect.DelegatingConstructorAccessorImpl.newInstance(DelegatingConstructorAccessorImpl.java:45)
at java.base/java.lang.reflect.Constructor.newInstanceWithCaller(Constructor.java:500)
at java.base/java.lang.reflect.Constructor.newInstance(Constructor.java:481)
at org.openqa.selenium.remote.http.W3CHttpResponseCodec.createException(W3CHttpResponseCodec.java:187)
at org.openqa.selenium.remote.http.W3CHttpResponseCodec.decode(W3CHttpResponseCodec.java:122)
at org.openqa.selenium.remote.http.W3CHttpResponseCodec.decode(W3CHttpResponseCodec.java:49)
at org.openqa.selenium.remote.HttpCommandExecutor.execute(HttpCommandExecutor.java:158)
at org.openqa.selenium.remote.service.DriverCommandExecutor.execute(DriverCommandExecutor.java:83)
at org.openqa.selenium.remote.RemoteWebDriver.execute(RemoteWebDriver.java:552)
at org.openqa.selenium.remote.RemoteWebDriver.findElement(RemoteWebDriver.java:323)
at org.openqa.selenium.remote.RemoteWebDriver.findElementByCssSelector(RemoteWebDriver.java:420)
at org.openqa.selenium.By$ByCssSelector.findElement(By.java:431)
at org.openqa.selenium.remote.RemoteWebDriver.findElement(RemoteWebDriver.java:315)
at MeetingRooms.reusableTestMethods.hoverpointer(reusableTestMethods.java:290)
at MeetingRooms.HostWebinarRoomCurrentAttendeeslist_AND_GlobalChatTestUI.Test_If_ToggleGallerySwitch_ON(HostWebinarRoomCurrentAttendeeslist_AND_GlobalChatTestUI.java:484)
at java.base/jdk.internal.reflect.NativeMethodAccessorImpl.invoke0(Native Method)
at java.base/jdk.internal.reflect.NativeMethodAccessorImpl.invoke(NativeMethodAccessorImpl.java:62)
at java.base/jdk.internal.reflect.DelegatingMethodAccessorImpl.invoke(DelegatingMethodAccessorImpl.java:43)
at java.base/java.lang.reflect.Method.invoke(Method.java:564)
at org.testng.internal.MethodInvocationHelper.invokeMethod(MethodInvocationHelper.java:132)
at org.testng.internal.TestInvoker.invokeMethod(TestInvoker.java:599)
at org.testng.internal.TestInvoker.invokeTestMethod(TestInvoker.java:174)
at org.testng.internal.MethodRunner.runInSequence(MethodRunner.java:46)
at org.testng.internal.TestInvoker$MethodInvocationAgent.invoke(TestInvoker.java:822)
at org.testng.internal.TestInvoker.invokeTestMethods(TestInvoker.java:147)
at org.testng.internal.TestMethodWorker.invokeTestMethods(TestMethodWorker.java:146)
at org.testng.internal.TestMethodWorker.run(TestMethodWorker.java:128)
at java.base/java.util.ArrayList.forEach(ArrayList.java:1511)
at org.testng.TestRunner.privateRun(TestRunner.java:764)
at org.testng.TestRunner.run(TestRunner.java:585)
at org.testng.SuiteRunner.runTest(SuiteRunner.java:384)
at org.testng.SuiteRunner.runSequentially(SuiteRunner.java:378)
at org.testng.SuiteRunner.privateRun(SuiteRunner.java:337)
at org.testng.SuiteRunner.run(SuiteRunner.java:286)
at org.testng.SuiteRunnerWorker.runSuite(SuiteRunnerWorker.java:53)
at org.testng.SuiteRunnerWorker.run(SuiteRunnerWorker.java:96)
at org.testng.TestNG.runSuitesSequentially(TestNG.java:1218)
at org.testng.TestNG.runSuitesLocally(TestNG.java:1140)
at org.testng.TestNG.runSuites(TestNG.java:1069)
at org.testng.TestNG.run(TestNG.java:1037)
at org.testng.remote.AbstractRemoteTestNG.run(AbstractRemoteTestNG.java:115)
at org.testng.remote.RemoteTestNG.initAndRun(RemoteTestNG.java:251)
at org.testng.remote.RemoteTestNG.main(RemoteTestNG.java:77)
]]>
    </error>
  </testcase> <!-- Test_If_ToggleGallerySwitch_ON -->
  <system-out/>
  <testcase classname="MeetingRooms.HostWebinarRoomCurrentAttendeeslist_AND_GlobalChatTestUI" name="Test_If_ToggleGallerySwitch_OFF" time="10.030">
    <error message="no such element: Unable to locate element: {&quot;method&quot;:&quot;css selector&quot;,&quot;selector&quot;:&quot;#main &gt; div &gt; div &gt; div &gt; div.m-grid-col.m-grid-col-center.m-grid-col-md-7.video-container &gt; div.portlet.light.role-presenter-video-room &gt; div.portlet-title &gt; div.actions &gt; div &gt; div&quot;}
  (Session info: chrome=87.0.4280.88)
For documentation on this error, please visit: https://www.seleniumhq.org/exceptions/no_such_element.html
Build info: version: &#039;3.141.59&#039;, revision: &#039;e82be7d358&#039;, time: &#039;2018-11-14T08:17:03&#039;
System info: host: &#039;DESKTOP-IHTC1M0&#039;, ip: &#039;192.168.254.144&#039;, os.name: &#039;Windows 10&#039;, os.arch: &#039;amd64&#039;, os.version: &#039;10.0&#039;, java.version: &#039;14.0.2&#039;
Driver info: org.openqa.selenium.chrome.ChromeDriver
Capabilities {acceptInsecureCerts: false, browserName: chrome, browserVersion: 87.0.4280.88, chrome: {chromedriverVersion: 87.0.4280.88 (89e2380a3e36c..., userDataDir: C:\Users\USER\AppData\Local...}, goog:chromeOptions: {debuggerAddress: localhost:4702}, javascriptEnabled: true, networkConnectionEnabled: false, pageLoadStrategy: normal, platform: WINDOWS, platformName: WINDOWS, proxy: Proxy(), setWindowRect: true, strictFileInteractability: false, timeouts: {implicit: 0, pageLoad: 300000, script: 30000}, unhandledPromptBehavior: dismiss and notify, webauthn:virtualAuthenticators: true}
Session ID: f8c18191265e9b8f4088bb6a0d321bf2
*** Element info: {Using=css selector, value=#main &gt; div &gt; div &gt; div &gt; div.m-grid-col.m-grid-col-center.m-grid-col-md-7.video-container &gt; div.portlet.light.role-presenter-video-room &gt; div.portlet-title &gt; div.actions &gt; div &gt; div}" type="org.openqa.selenium.NoSuchElementException">
      <![CDATA[org.openqa.selenium.NoSuchElementException: no such element: Unable to locate element: {"method":"css selector","selector":"#main > div > div > div > div.m-grid-col.m-grid-col-center.m-grid-col-md-7.video-container > div.portlet.light.role-presenter-video-room > div.portlet-title > div.actions > div > div"}
  (Session info: chrome=87.0.4280.88)
For documentation on this error, please visit: https://www.seleniumhq.org/exceptions/no_such_element.html
Build info: version: '3.141.59', revision: 'e82be7d358', time: '2018-11-14T08:17:03'
System info: host: 'DESKTOP-IHTC1M0', ip: '192.168.254.144', os.name: 'Windows 10', os.arch: 'amd64', os.version: '10.0', java.version: '14.0.2'
Driver info: org.openqa.selenium.chrome.ChromeDriver
Capabilities {acceptInsecureCerts: false, browserName: chrome, browserVersion: 87.0.4280.88, chrome: {chromedriverVersion: 87.0.4280.88 (89e2380a3e36c..., userDataDir: C:\Users\USER\AppData\Local...}, goog:chromeOptions: {debuggerAddress: localhost:4702}, javascriptEnabled: true, networkConnectionEnabled: false, pageLoadStrategy: normal, platform: WINDOWS, platformName: WINDOWS, proxy: Proxy(), setWindowRect: true, strictFileInteractability: false, timeouts: {implicit: 0, pageLoad: 300000, script: 30000}, unhandledPromptBehavior: dismiss and notify, webauthn:virtualAuthenticators: true}
Session ID: f8c18191265e9b8f4088bb6a0d321bf2
*** Element info: {Using=css selector, value=#main > div > div > div > div.m-grid-col.m-grid-col-center.m-grid-col-md-7.video-container > div.portlet.light.role-presenter-video-room > div.portlet-title > div.actions > div > div}
at java.base/jdk.internal.reflect.NativeConstructorAccessorImpl.newInstance0(Native Method)
at java.base/jdk.internal.reflect.NativeConstructorAccessorImpl.newInstance(NativeConstructorAccessorImpl.java:62)
at java.base/jdk.internal.reflect.DelegatingConstructorAccessorImpl.newInstance(DelegatingConstructorAccessorImpl.java:45)
at java.base/java.lang.reflect.Constructor.newInstanceWithCaller(Constructor.java:500)
at java.base/java.lang.reflect.Constructor.newInstance(Constructor.java:481)
at org.openqa.selenium.remote.http.W3CHttpResponseCodec.createException(W3CHttpResponseCodec.java:187)
at org.openqa.selenium.remote.http.W3CHttpResponseCodec.decode(W3CHttpResponseCodec.java:122)
at org.openqa.selenium.remote.http.W3CHttpResponseCodec.decode(W3CHttpResponseCodec.java:49)
at org.openqa.selenium.remote.HttpCommandExecutor.execute(HttpCommandExecutor.java:158)
at org.openqa.selenium.remote.service.DriverCommandExecutor.execute(DriverCommandExecutor.java:83)
at org.openqa.selenium.remote.RemoteWebDriver.execute(RemoteWebDriver.java:552)
at org.openqa.selenium.remote.RemoteWebDriver.findElement(RemoteWebDriver.java:323)
at org.openqa.selenium.remote.RemoteWebDriver.findElementByCssSelector(RemoteWebDriver.java:420)
at org.openqa.selenium.By$ByCssSelector.findElement(By.java:431)
at org.openqa.selenium.remote.RemoteWebDriver.findElement(RemoteWebDriver.java:315)
at MeetingRooms.reusableTestMethods.hoverpointer(reusableTestMethods.java:290)
at MeetingRooms.HostWebinarRoomCurrentAttendeeslist_AND_GlobalChatTestUI.Test_If_ToggleGallerySwitch_OFF(HostWebinarRoomCurrentAttendeeslist_AND_GlobalChatTestUI.java:502)
at java.base/jdk.internal.reflect.NativeMethodAccessorImpl.invoke0(Native Method)
at java.base/jdk.internal.reflect.NativeMethodAccessorImpl.invoke(NativeMethodAccessorImpl.java:62)
at java.base/jdk.internal.reflect.DelegatingMethodAccessorImpl.invoke(DelegatingMethodAccessorImpl.java:43)
at java.base/java.lang.reflect.Method.invoke(Method.java:564)
at org.testng.internal.MethodInvocationHelper.invokeMethod(MethodInvocationHelper.java:132)
at org.testng.internal.TestInvoker.invokeMethod(TestInvoker.java:599)
at org.testng.internal.TestInvoker.invokeTestMethod(TestInvoker.java:174)
at org.testng.internal.MethodRunner.runInSequence(MethodRunner.java:46)
at org.testng.internal.TestInvoker$MethodInvocationAgent.invoke(TestInvoker.java:822)
at org.testng.internal.TestInvoker.invokeTestMethods(TestInvoker.java:147)
at org.testng.internal.TestMethodWorker.invokeTestMethods(TestMethodWorker.java:146)
at org.testng.internal.TestMethodWorker.run(TestMethodWorker.java:128)
at java.base/java.util.ArrayList.forEach(ArrayList.java:1511)
at org.testng.TestRunner.privateRun(TestRunner.java:764)
at org.testng.TestRunner.run(TestRunner.java:585)
at org.testng.SuiteRunner.runTest(SuiteRunner.java:384)
at org.testng.SuiteRunner.runSequentially(SuiteRunner.java:378)
at org.testng.SuiteRunner.privateRun(SuiteRunner.java:337)
at org.testng.SuiteRunner.run(SuiteRunner.java:286)
at org.testng.SuiteRunnerWorker.runSuite(SuiteRunnerWorker.java:53)
at org.testng.SuiteRunnerWorker.run(SuiteRunnerWorker.java:96)
at org.testng.TestNG.runSuitesSequentially(TestNG.java:1218)
at org.testng.TestNG.runSuitesLocally(TestNG.java:1140)
at org.testng.TestNG.runSuites(TestNG.java:1069)
at org.testng.TestNG.run(TestNG.java:1037)
at org.testng.remote.AbstractRemoteTestNG.run(AbstractRemoteTestNG.java:115)
at org.testng.remote.RemoteTestNG.initAndRun(RemoteTestNG.java:251)
at org.testng.remote.RemoteTestNG.main(RemoteTestNG.java:77)
]]>
    </error>
  </testcase> <!-- Test_If_ToggleGallerySwitch_OFF -->
  <system-out/>
</testsuite> <!-- MeetingRooms.HostWebinarRoomCurrentAttendeeslist_AND_GlobalChatTestUI -->
