<?xml version="1.0" encoding="UTF-8"?>
<!-- Generated by org.testng.reporters.JUnitReportReporter -->
<testsuite hostname="DESKTOP-IHTC1M0" failures="0" tests="20" name="MeetingRooms.aaa0001meetingRoomsUITest" time="5.606" errors="1" timestamp="2020-12-17T19:49:10 SGT" skipped="19">
  <testcase classname="MeetingRooms.aaa0001meetingRoomsUITest" name="launchbrowser" time="5.606">
    <error message="session not created
from chrome not reachable
  (Session info: chrome=87.0.4280.88)
Build info: version: &#039;3.141.59&#039;, revision: &#039;e82be7d358&#039;, time: &#039;2018-11-14T08:17:03&#039;
System info: host: &#039;DESKTOP-IHTC1M0&#039;, ip: &#039;192.168.254.144&#039;, os.name: &#039;Windows 10&#039;, os.arch: &#039;amd64&#039;, os.version: &#039;10.0&#039;, java.version: &#039;14.0.2&#039;
Driver info: driver.version: ChromeDriver
remote stacktrace: Backtrace:
	Ordinal0 [0x0057C0C3+3326147]
	Ordinal0 [0x00460851+2164817]
	Ordinal0 [0x002E7140+618816]
	Ordinal0 [0x002DD404+578564]
	Ordinal0 [0x002DDACB+580299]
	Ordinal0 [0x002DED35+585013]
	Ordinal0 [0x002D9D61+564577]
	Ordinal0 [0x002E82C0+623296]
	Ordinal0 [0x00286BDD+224221]
	Ordinal0 [0x00285CAC+220332]
	Ordinal0 [0x0028189B+202907]
	Ordinal0 [0x00263DF4+81396]
	Ordinal0 [0x00264DEE+85486]
	Ordinal0 [0x00264D79+85369]
	Ordinal0 [0x004785DC+2262492]
	GetHandleVerifier [0x00702874+1487204]
	GetHandleVerifier [0x007023CD+1486013]
	GetHandleVerifier [0x0070A368+1518680]
	GetHandleVerifier [0x00702F4E+1488958]
	Ordinal0 [0x0046ED0D+2223373]
	Ordinal0 [0x0047A12B+2269483]
	Ordinal0 [0x0047A26F+2269807]
	Ordinal0 [0x0048ECB8+2354360]
	BaseThreadInitThunk [0x75260419+25]
	RtlGetAppContainerNamedObjectPath [0x776074ED+237]
	RtlGetAppContainerNamedObjectPath [0x776074BD+189]
" type="org.openqa.selenium.SessionNotCreatedException">
      <![CDATA[org.openqa.selenium.SessionNotCreatedException: session not created
from chrome not reachable
  (Session info: chrome=87.0.4280.88)
Build info: version: '3.141.59', revision: 'e82be7d358', time: '2018-11-14T08:17:03'
System info: host: 'DESKTOP-IHTC1M0', ip: '192.168.254.144', os.name: 'Windows 10', os.arch: 'amd64', os.version: '10.0', java.version: '14.0.2'
Driver info: driver.version: ChromeDriver
remote stacktrace: Backtrace:
Ordinal0 [0x0057C0C3+3326147]
Ordinal0 [0x00460851+2164817]
Ordinal0 [0x002E7140+618816]
Ordinal0 [0x002DD404+578564]
Ordinal0 [0x002DDACB+580299]
Ordinal0 [0x002DED35+585013]
Ordinal0 [0x002D9D61+564577]
Ordinal0 [0x002E82C0+623296]
Ordinal0 [0x00286BDD+224221]
Ordinal0 [0x00285CAC+220332]
Ordinal0 [0x0028189B+202907]
Ordinal0 [0x00263DF4+81396]
Ordinal0 [0x00264DEE+85486]
Ordinal0 [0x00264D79+85369]
Ordinal0 [0x004785DC+2262492]
GetHandleVerifier [0x00702874+1487204]
GetHandleVerifier [0x007023CD+1486013]
GetHandleVerifier [0x0070A368+1518680]
GetHandleVerifier [0x00702F4E+1488958]
Ordinal0 [0x0046ED0D+2223373]
Ordinal0 [0x0047A12B+2269483]
Ordinal0 [0x0047A26F+2269807]
Ordinal0 [0x0048ECB8+2354360]
BaseThreadInitThunk [0x75260419+25]
RtlGetAppContainerNamedObjectPath [0x776074ED+237]
RtlGetAppContainerNamedObjectPath [0x776074BD+189]

at java.base/jdk.internal.reflect.NativeConstructorAccessorImpl.newInstance0(Native Method)
at java.base/jdk.internal.reflect.NativeConstructorAccessorImpl.newInstance(NativeConstructorAccessorImpl.java:62)
at java.base/jdk.internal.reflect.DelegatingConstructorAccessorImpl.newInstance(DelegatingConstructorAccessorImpl.java:45)
at java.base/java.lang.reflect.Constructor.newInstanceWithCaller(Constructor.java:500)
at java.base/java.lang.reflect.Constructor.newInstance(Constructor.java:481)
at org.openqa.selenium.remote.W3CHandshakeResponse.lambda$errorHandler$0(W3CHandshakeResponse.java:62)
at org.openqa.selenium.remote.HandshakeResponse.lambda$getResponseFunction$0(HandshakeResponse.java:30)
at org.openqa.selenium.remote.ProtocolHandshake.lambda$createSession$0(ProtocolHandshake.java:126)
at java.base/java.util.stream.ReferencePipeline$3$1.accept(ReferencePipeline.java:195)
at java.base/java.util.Spliterators$ArraySpliterator.tryAdvance(Spliterators.java:958)
at java.base/java.util.stream.ReferencePipeline.forEachWithCancel(ReferencePipeline.java:127)
at java.base/java.util.stream.AbstractPipeline.copyIntoWithCancel(AbstractPipeline.java:502)
at java.base/java.util.stream.AbstractPipeline.copyInto(AbstractPipeline.java:488)
at java.base/java.util.stream.AbstractPipeline.wrapAndCopyInto(AbstractPipeline.java:474)
at java.base/java.util.stream.FindOps$FindOp.evaluateSequential(FindOps.java:150)
at java.base/java.util.stream.AbstractPipeline.evaluate(AbstractPipeline.java:234)
at java.base/java.util.stream.ReferencePipeline.findFirst(ReferencePipeline.java:543)
at org.openqa.selenium.remote.ProtocolHandshake.createSession(ProtocolHandshake.java:128)
at org.openqa.selenium.remote.ProtocolHandshake.createSession(ProtocolHandshake.java:74)
at org.openqa.selenium.remote.HttpCommandExecutor.execute(HttpCommandExecutor.java:136)
at org.openqa.selenium.remote.service.DriverCommandExecutor.execute(DriverCommandExecutor.java:83)
at org.openqa.selenium.remote.RemoteWebDriver.execute(RemoteWebDriver.java:552)
at org.openqa.selenium.remote.RemoteWebDriver.startSession(RemoteWebDriver.java:213)
at org.openqa.selenium.remote.RemoteWebDriver.<init>(RemoteWebDriver.java:131)
at org.openqa.selenium.chrome.ChromeDriver.<init>(ChromeDriver.java:181)
at org.openqa.selenium.chrome.ChromeDriver.<init>(ChromeDriver.java:168)
at org.openqa.selenium.chrome.ChromeDriver.<init>(ChromeDriver.java:157)
at MeetingRooms.aaa0001meetingRoomsUITest.launchbrowser(aaa0001meetingRoomsUITest.java:55)
at java.base/jdk.internal.reflect.NativeMethodAccessorImpl.invoke0(Native Method)
at java.base/jdk.internal.reflect.NativeMethodAccessorImpl.invoke(NativeMethodAccessorImpl.java:62)
at java.base/jdk.internal.reflect.DelegatingMethodAccessorImpl.invoke(DelegatingMethodAccessorImpl.java:43)
at java.base/java.lang.reflect.Method.invoke(Method.java:564)
at org.testng.internal.MethodInvocationHelper.invokeMethod(MethodInvocationHelper.java:132)
at org.testng.internal.MethodInvocationHelper.invokeMethodConsideringTimeout(MethodInvocationHelper.java:61)
at org.testng.internal.ConfigInvoker.invokeConfigurationMethod(ConfigInvoker.java:366)
at org.testng.internal.ConfigInvoker.invokeConfigurations(ConfigInvoker.java:320)
at org.testng.TestRunner.invokeTestConfigurations(TestRunner.java:617)
at org.testng.TestRunner.beforeRun(TestRunner.java:607)
at org.testng.TestRunner.run(TestRunner.java:578)
at org.testng.SuiteRunner.runTest(SuiteRunner.java:384)
at org.testng.SuiteRunner.runSequentially(SuiteRunner.java:378)
at org.testng.SuiteRunner.privateRun(SuiteRunner.java:337)
at org.testng.SuiteRunner.run(SuiteRunner.java:286)
at org.testng.SuiteRunnerWorker.runSuite(SuiteRunnerWorker.java:53)
at org.testng.SuiteRunnerWorker.run(SuiteRunnerWorker.java:96)
at org.testng.TestNG.runSuitesSequentially(TestNG.java:1218)
at org.testng.TestNG.runSuitesLocally(TestNG.java:1140)
at org.testng.TestNG.runSuites(TestNG.java:1069)
at org.testng.TestNG.run(TestNG.java:1037)
at org.testng.remote.AbstractRemoteTestNG.run(AbstractRemoteTestNG.java:115)
at org.testng.remote.RemoteTestNG.initAndRun(RemoteTestNG.java:251)
at org.testng.remote.RemoteTestNG.main(RemoteTestNG.java:77)
]]>
    </error>
  </testcase> <!-- launchbrowser -->
  <system-out/>
  <testcase classname="MeetingRooms.aaa0001meetingRoomsUITest" name="Test_if_when_MeetingRoomsMenu_is_Clicked_Correct_URL_Destination" time="0.000">
    <skipped/>
  </testcase> <!-- Test_if_when_MeetingRoomsMenu_is_Clicked_Correct_URL_Destination -->
  <system-out/>
  <testcase classname="MeetingRooms.aaa0001meetingRoomsUITest" name="Test_if_PageTitle_is_Present" time="0.000">
    <skipped/>
  </testcase> <!-- Test_if_PageTitle_is_Present -->
  <system-out/>
  <testcase classname="MeetingRooms.aaa0001meetingRoomsUITest" name="Test_if_PageTitle_is_Correct" time="0.000">
    <skipped/>
  </testcase> <!-- Test_if_PageTitle_is_Correct -->
  <system-out/>
  <testcase classname="MeetingRooms.aaa0001meetingRoomsUITest" name="Test_if_PageTitle_icon_is_present" time="0.000">
    <skipped/>
  </testcase> <!-- Test_if_PageTitle_icon_is_present -->
  <system-out/>
  <testcase classname="MeetingRooms.aaa0001meetingRoomsUITest" name="Test_if_WebinarLength_Label_is_Present" time="0.000">
    <skipped/>
  </testcase> <!-- Test_if_WebinarLength_Label_is_Present -->
  <system-out/>
  <testcase classname="MeetingRooms.aaa0001meetingRoomsUITest" name="Test_if_WebinarLength_Label_is_Correct" time="0.000">
    <skipped/>
  </testcase> <!-- Test_if_WebinarLength_Label_is_Correct -->
  <system-out/>
  <testcase classname="MeetingRooms.aaa0001meetingRoomsUITest" name="Test_if_ListLengthSelector_is_Present" time="0.000">
    <skipped/>
  </testcase> <!-- Test_if_ListLengthSelector_is_Present -->
  <system-out/>
  <testcase classname="MeetingRooms.aaa0001meetingRoomsUITest" name="Test_if_ListLengthSelector_is_Enabled" time="0.000">
    <skipped/>
  </testcase> <!-- Test_if_ListLengthSelector_is_Enabled -->
  <system-out/>
  <testcase classname="MeetingRooms.aaa0001meetingRoomsUITest" name="Test_if_ListOption5_is_Present" time="0.000">
    <skipped/>
  </testcase> <!-- Test_if_ListOption5_is_Present -->
  <system-out/>
  <testcase classname="MeetingRooms.aaa0001meetingRoomsUITest" name="Test_if_ListOption10_is_Present" time="0.000">
    <skipped/>
  </testcase> <!-- Test_if_ListOption10_is_Present -->
  <system-out/>
  <testcase classname="MeetingRooms.aaa0001meetingRoomsUITest" name="Test_if_ListOptionA11_is_Present" time="0.000">
    <skipped/>
  </testcase> <!-- Test_if_ListOptionA11_is_Present -->
  <system-out/>
  <testcase classname="MeetingRooms.aaa0001meetingRoomsUITest" name="Test_if_SearchLabel_is_Present" time="0.000">
    <skipped/>
  </testcase> <!-- Test_if_SearchLabel_is_Present -->
  <system-out/>
  <testcase classname="MeetingRooms.aaa0001meetingRoomsUITest" name="Test_if_SearchLabel_is_Correct" time="0.000">
    <skipped/>
  </testcase> <!-- Test_if_SearchLabel_is_Correct -->
  <system-out/>
  <testcase classname="MeetingRooms.aaa0001meetingRoomsUITest" name="Test_if_SearchInputfield_is_Present" time="0.000">
    <skipped/>
  </testcase> <!-- Test_if_SearchInputfield_is_Present -->
  <system-out/>
  <testcase classname="MeetingRooms.aaa0001meetingRoomsUITest" name="Test_if_SearchInputfield_is_Enabled" time="0.000">
    <skipped/>
  </testcase> <!-- Test_if_SearchInputfield_is_Enabled -->
  <system-out/>
  <testcase classname="MeetingRooms.aaa0001meetingRoomsUITest" name="Test_if_AddNewButton_is_Present" time="0.000">
    <skipped/>
  </testcase> <!-- Test_if_AddNewButton_is_Present -->
  <system-out/>
  <testcase classname="MeetingRooms.aaa0001meetingRoomsUITest" name="Test_if_AddNewButton_is_Enabled" time="0.000">
    <skipped/>
  </testcase> <!-- Test_if_AddNewButton_is_Enabled -->
  <system-out/>
  <testcase classname="MeetingRooms.aaa0001meetingRoomsUITest" name="Test_if_AddNewButton_name_is_Correct" time="0.000">
    <skipped/>
  </testcase> <!-- Test_if_AddNewButton_name_is_Correct -->
  <system-out/>
  <testcase classname="MeetingRooms.aaa0001meetingRoomsUITest" name="Test_if_AddNewButton_icon_is_Present" time="0.000">
    <skipped/>
  </testcase> <!-- Test_if_AddNewButton_icon_is_Present -->
  <system-out/>
</testsuite> <!-- MeetingRooms.aaa0001meetingRoomsUITest -->
