<?xml version="1.0" encoding="UTF-8"?>
<!-- Generated by org.testng.reporters.JUnitReportReporter -->
<testsuite hostname="DESKTOP-IHTC1M0" failures="1" tests="21" name="MeetingRooms.AddNewMeetingRoomTest" time="65.566" errors="0" timestamp="2020-11-26T22:46:05 SGT" skipped="0">
  <testcase classname="MeetingRooms.AddNewMeetingRoomTest" name="Test_if_When_click_addNewbutton_Correct_URLdestination" time="39.982"/>
  <system-out/>
  <testcase classname="MeetingRooms.AddNewMeetingRoomTest" name="Test_if_AddMeetingRoomPageTitle_is_Present" time="0.043"/>
  <system-out/>
  <testcase classname="MeetingRooms.AddNewMeetingRoomTest" name="Test_if_AddMeetingRoomPageTitle_Text_is_Correct" time="0.073"/>
  <system-out/>
  <testcase classname="MeetingRooms.AddNewMeetingRoomTest" name="Test_if_AddMeetingRoomPageTitle_Icon_is_Present" time="0.056"/>
  <system-out/>
  <testcase classname="MeetingRooms.AddNewMeetingRoomTest" name="Test_if_AddMeetingRoom_InputField_Label_is_Present" time="0.074"/>
  <system-out/>
  <testcase classname="MeetingRooms.AddNewMeetingRoomTest" name="Test_if_AddMeetingRoom_InputField_Label_name_is_Correct" time="0.049"/>
  <system-out/>
  <testcase classname="MeetingRooms.AddNewMeetingRoomTest" name="Test_if_AddMeetingRoom_InputField__is_Present" time="0.052"/>
  <system-out/>
  <testcase classname="MeetingRooms.AddNewMeetingRoomTest" name="Test_if_AddMeetingRoom_InputField__is_Enabled" time="0.032"/>
  <system-out/>
  <testcase classname="MeetingRooms.AddNewMeetingRoomTest" name="Test_if_AddMeetingRoom_InputField__name_is_Correct" time="0.032"/>
  <system-out/>
  <testcase classname="MeetingRooms.AddNewMeetingRoomTest" name="Test_if_AddMeetingRoom_button__is_Present" time="0.045"/>
  <system-out/>
  <testcase classname="MeetingRooms.AddNewMeetingRoomTest" name="Test_if_AddMeetingRoom_button__is_Enabled" time="0.031"/>
  <system-out/>
  <testcase classname="MeetingRooms.AddNewMeetingRoomTest" name="Test_if_AddMeetingRoom_button__name_is_Correct" time="0.050"/>
  <system-out/>
  <testcase classname="MeetingRooms.AddNewMeetingRoomTest" name="Test_if_AddMeetingRoom_button__icon_is_Present" time="0.035"/>
  <system-out/>
  <testcase classname="MeetingRooms.AddNewMeetingRoomTest" name="Test_if_ReturnToMeetings_button__is_Present" time="0.383"/>
  <system-out/>
  <testcase classname="MeetingRooms.AddNewMeetingRoomTest" name="Test_if_ReturnToMeetings_button_is_Enabled" time="0.029"/>
  <system-out/>
  <testcase classname="MeetingRooms.AddNewMeetingRoomTest" name="Test_if_ReturnToMeetings_button_name_is_Correct" time="0.054"/>
  <system-out/>
  <testcase classname="MeetingRooms.AddNewMeetingRoomTest" name="Test_if_ReturnToMeetings_button_Icon_is_Present" time="0.037"/>
  <system-out/>
  <testcase classname="MeetingRooms.AddNewMeetingRoomTest" name="Test_if_addNewMeeting_NoMeetingName_is_entered" time="6.705"/>
  <system-out/>
  <testcase classname="MeetingRooms.AddNewMeetingRoomTest" name="Test_if_AddnewMeeting_enterAName" time="10.034"/>
  <system-out/>
  <testcase classname="MeetingRooms.AddNewMeetingRoomTest" name="Test_Delete_the_justAddedMeeting" time="3.977"/>
  <system-out/>
  <testcase classname="MeetingRooms.AddNewMeetingRoomTest" name="Test_AddNewMeeting_AddName_click_ReturMeetingbutton" time="3.793">
    <failure type="java.lang.AssertionError">
      <![CDATA[java.lang.AssertionError
at org.junit.Assert.fail(Assert.java:87)
at org.junit.Assert.assertTrue(Assert.java:42)
at org.junit.Assert.assertFalse(Assert.java:65)
at org.junit.Assert.assertFalse(Assert.java:75)
at MeetingRooms.AddNewMeetingRoomTest.Test_AddNewMeeting_AddName_click_ReturMeetingbutton(AddNewMeetingRoomTest.java:438)
at java.base/jdk.internal.reflect.NativeMethodAccessorImpl.invoke0(Native Method)
at java.base/jdk.internal.reflect.NativeMethodAccessorImpl.invoke(NativeMethodAccessorImpl.java:62)
at java.base/jdk.internal.reflect.DelegatingMethodAccessorImpl.invoke(DelegatingMethodAccessorImpl.java:43)
at java.base/java.lang.reflect.Method.invoke(Method.java:564)
at org.testng.internal.MethodInvocationHelper.invokeMethod(MethodInvocationHelper.java:132)
at org.testng.internal.TestInvoker.invokeMethod(TestInvoker.java:599)
at org.testng.internal.TestInvoker.invokeTestMethod(TestInvoker.java:174)
at org.testng.internal.MethodRunner.runInSequence(MethodRunner.java:46)
at org.testng.internal.TestInvoker$MethodInvocationAgent.invoke(TestInvoker.java:822)
at org.testng.internal.TestInvoker.invokeTestMethods(TestInvoker.java:147)
at org.testng.internal.TestMethodWorker.invokeTestMethods(TestMethodWorker.java:146)
at org.testng.internal.TestMethodWorker.run(TestMethodWorker.java:128)
at java.base/java.util.ArrayList.forEach(ArrayList.java:1511)
at org.testng.TestRunner.privateRun(TestRunner.java:764)
at org.testng.TestRunner.run(TestRunner.java:585)
at org.testng.SuiteRunner.runTest(SuiteRunner.java:384)
at org.testng.SuiteRunner.runSequentially(SuiteRunner.java:378)
at org.testng.SuiteRunner.privateRun(SuiteRunner.java:337)
at org.testng.SuiteRunner.run(SuiteRunner.java:286)
at org.testng.SuiteRunnerWorker.runSuite(SuiteRunnerWorker.java:53)
at org.testng.SuiteRunnerWorker.run(SuiteRunnerWorker.java:96)
at org.testng.TestNG.runSuitesSequentially(TestNG.java:1218)
at org.testng.TestNG.runSuitesLocally(TestNG.java:1140)
at org.testng.TestNG.runSuites(TestNG.java:1069)
at org.testng.TestNG.run(TestNG.java:1037)
at org.testng.remote.AbstractRemoteTestNG.run(AbstractRemoteTestNG.java:115)
at org.testng.remote.RemoteTestNG.initAndRun(RemoteTestNG.java:251)
at org.testng.remote.RemoteTestNG.main(RemoteTestNG.java:77)
]]>
    </failure>
  </testcase> <!-- Test_AddNewMeeting_AddName_click_ReturMeetingbutton -->
  <system-out/>
</testsuite> <!-- MeetingRooms.AddNewMeetingRoomTest -->
